{"/Users/nils/develop/javascript/react-training/code/schritte/4-test/src/GreetingController.js": {"path":"/Users/nils/develop/javascript/react-training/code/schritte/4-test/src/GreetingController.js","statementMap":{"0":{"start":{"line":6,"column":20},"end":{"line":6,"column":53}},"1":{"start":{"line":7,"column":20},"end":{"line":7,"column":33}},"2":{"start":{"line":8,"column":20},"end":{"line":8,"column":33}},"3":{"start":{"line":11,"column":26},"end":{"line":11,"column":53}},"4":{"start":{"line":12,"column":36},"end":{"line":12,"column":54}},"5":{"start":{"line":14,"column":2},"end":{"line":28,"column":9}},"6":{"start":{"line":16,"column":22},"end":{"line":16,"column":26}},"7":{"start":{"line":17,"column":6},"end":{"line":23,"column":7}},"8":{"start":{"line":18,"column":25},"end":{"line":18,"column":49}},"9":{"start":{"line":19,"column":8},"end":{"line":19,"column":42}},"10":{"start":{"line":21,"column":8},"end":{"line":21,"column":56}},"11":{"start":{"line":22,"column":8},"end":{"line":22,"column":15}},"12":{"start":{"line":24,"column":6},"end":{"line":24,"column":30}},"13":{"start":{"line":27,"column":4},"end":{"line":27,"column":20}},"14":{"start":{"line":32,"column":4},"end":{"line":47,"column":5}},"15":{"start":{"line":33,"column":23},"end":{"line":40,"column":8}},"16":{"start":{"line":41,"column":6},"end":{"line":43,"column":7}},"17":{"start":{"line":42,"column":8},"end":{"line":42,"column":67}},"18":{"start":{"line":44,"column":6},"end":{"line":44,"column":42}},"19":{"start":{"line":46,"column":6},"end":{"line":46,"column":54}},"20":{"start":{"line":52,"column":4},"end":{"line":52,"column":73}},"21":{"start":{"line":52,"column":37},"end":{"line":52,"column":71}},"22":{"start":{"line":53,"column":4},"end":{"line":53,"column":25}},"23":{"start":{"line":56,"column":2},"end":{"line":64,"column":6}},"24":{"start":{"line":57,"column":4},"end":{"line":64,"column":6}},"25":{"start":{"line":61,"column":10},"end":{"line":61,"column":31}},"26":{"start":{"line":66,"column":2},"end":{"line":66,"column":49}}},"fnMap":{"0":{"name":"GreetingController","decl":{"start":{"line":10,"column":24},"end":{"line":10,"column":42}},"loc":{"start":{"line":10,"column":45},"end":{"line":67,"column":1}},"line":10},"1":{"name":"(anonymous_1)","decl":{"start":{"line":14,"column":18},"end":{"line":14,"column":19}},"loc":{"start":{"line":14,"column":24},"end":{"line":28,"column":3}},"line":14},"2":{"name":"loadGreetings","decl":{"start":{"line":15,"column":19},"end":{"line":15,"column":32}},"loc":{"start":{"line":15,"column":35},"end":{"line":25,"column":5}},"line":15},"3":{"name":"addGreeting","decl":{"start":{"line":30,"column":17},"end":{"line":30,"column":28}},"loc":{"start":{"line":30,"column":48},"end":{"line":54,"column":3}},"line":30},"4":{"name":"(anonymous_4)","decl":{"start":{"line":52,"column":17},"end":{"line":52,"column":18}},"loc":{"start":{"line":52,"column":37},"end":{"line":52,"column":71}},"line":52},"5":{"name":"(anonymous_5)","decl":{"start":{"line":60,"column":15},"end":{"line":60,"column":16}},"loc":{"start":{"line":60,"column":21},"end":{"line":62,"column":9}},"line":60}},"branchMap":{"0":{"loc":{"start":{"line":41,"column":6},"end":{"line":43,"column":7}},"type":"if","locations":[{"start":{"line":41,"column":6},"end":{"line":43,"column":7}},{"start":{"line":41,"column":6},"end":{"line":43,"column":7}}],"line":41},"1":{"loc":{"start":{"line":56,"column":2},"end":{"line":64,"column":6}},"type":"if","locations":[{"start":{"line":56,"column":2},"end":{"line":64,"column":6}},{"start":{"line":56,"column":2},"end":{"line":64,"column":6}}],"line":56}},"s":{"0":1,"1":1,"2":1,"3":5,"4":5,"5":5,"6":2,"7":2,"8":2,"9":2,"10":0,"11":0,"12":2,"13":2,"14":0,"15":0,"16":0,"17":0,"18":0,"19":0,"20":0,"21":0,"22":0,"23":5,"24":4,"25":1,"26":1},"f":{"0":5,"1":2,"2":2,"3":0,"4":0,"5":1},"b":{"0":[0,0],"1":[4,1]},"_coverageSchema":"43e27e138ebf9cfc5966b082cf9a028302ed4184","hash":"d084de1c6c75fb310f5db0450b1301a15686dbed"}
,"/Users/nils/develop/javascript/react-training/code/schritte/4-test/src/GreetingDetail.js": {"path":"/Users/nils/develop/javascript/react-training/code/schritte/4-test/src/GreetingDetail.js","statementMap":{"0":{"start":{"line":5,"column":33},"end":{"line":5,"column":68}},"1":{"start":{"line":6,"column":41},"end":{"line":6,"column":84}},"2":{"start":{"line":8,"column":19},"end":{"line":8,"column":33}},"3":{"start":{"line":10,"column":23},"end":{"line":10,"column":64}},"4":{"start":{"line":13,"column":4},"end":{"line":13,"column":16}},"5":{"start":{"line":14,"column":4},"end":{"line":14,"column":20}},"6":{"start":{"line":16,"column":4},"end":{"line":18,"column":5}},"7":{"start":{"line":17,"column":6},"end":{"line":17,"column":31}},"8":{"start":{"line":22,"column":4},"end":{"line":25,"column":7}},"9":{"start":{"line":28,"column":2},"end":{"line":38,"column":4}}},"fnMap":{"0":{"name":"GreetingDetail","decl":{"start":{"line":4,"column":24},"end":{"line":4,"column":38}},"loc":{"start":{"line":4,"column":46},"end":{"line":39,"column":1}},"line":4},"1":{"name":"reset","decl":{"start":{"line":12,"column":11},"end":{"line":12,"column":16}},"loc":{"start":{"line":12,"column":19},"end":{"line":19,"column":3}},"line":12},"2":{"name":"save","decl":{"start":{"line":21,"column":11},"end":{"line":21,"column":15}},"loc":{"start":{"line":21,"column":18},"end":{"line":26,"column":3}},"line":21}},"branchMap":{"0":{"loc":{"start":{"line":10,"column":25},"end":{"line":10,"column":63}},"type":"binary-expr","locations":[{"start":{"line":10,"column":25},"end":{"line":10,"column":40}},{"start":{"line":10,"column":44},"end":{"line":10,"column":63}}],"line":10},"1":{"loc":{"start":{"line":16,"column":4},"end":{"line":18,"column":5}},"type":"if","locations":[{"start":{"line":16,"column":4},"end":{"line":18,"column":5}},{"start":{"line":16,"column":4},"end":{"line":18,"column":5}}],"line":16}},"s":{"0":18,"1":18,"2":18,"3":18,"4":1,"5":1,"6":1,"7":0,"8":1,"9":18},"f":{"0":18,"1":1,"2":1},"b":{"0":[18,8],"1":[0,1]},"_coverageSchema":"43e27e138ebf9cfc5966b082cf9a028302ed4184","hash":"5c8eac727c1431822b6783890f76e43381ad639c"}
,"/Users/nils/develop/javascript/react-training/code/schritte/4-test/src/GreetingMaster.js": {"path":"/Users/nils/develop/javascript/react-training/code/schritte/4-test/src/GreetingMaster.js","statementMap":{"0":{"start":{"line":4,"column":31},"end":{"line":4,"column":36}},"1":{"start":{"line":5,"column":15},"end":{"line":10,"column":4}},"2":{"start":{"line":6,"column":4},"end":{"line":9,"column":9}},"3":{"start":{"line":11,"column":2},"end":{"line":24,"column":4}}},"fnMap":{"0":{"name":"GreetingMaster","decl":{"start":{"line":3,"column":9},"end":{"line":3,"column":23}},"loc":{"start":{"line":3,"column":31},"end":{"line":25,"column":1}},"line":3},"1":{"name":"(anonymous_1)","decl":{"start":{"line":5,"column":29},"end":{"line":5,"column":30}},"loc":{"start":{"line":6,"column":4},"end":{"line":9,"column":9}},"line":6}},"branchMap":{},"s":{"0":6,"1":6,"2":8,"3":6},"f":{"0":6,"1":8},"b":{},"_coverageSchema":"43e27e138ebf9cfc5966b082cf9a028302ed4184","hash":"6d3ffb5aff1d3aa828fcd8b0f507197f54d76f38"}
,"/Users/nils/develop/javascript/react-training/code/schritte/4-test/src/useInput.js": {"path":"/Users/nils/develop/javascript/react-training/code/schritte/4-test/src/useInput.js","statementMap":{"0":{"start":{"line":11,"column":28},"end":{"line":11,"column":62}},"1":{"start":{"line":14,"column":4},"end":{"line":14,"column":17}},"2":{"start":{"line":17,"column":2},"end":{"line":25,"column":4}},"3":{"start":{"line":21,"column":25},"end":{"line":21,"column":53}}},"fnMap":{"0":{"name":"useInput","decl":{"start":{"line":10,"column":24},"end":{"line":10,"column":32}},"loc":{"start":{"line":10,"column":60},"end":{"line":26,"column":1}},"line":10},"1":{"name":"reset","decl":{"start":{"line":13,"column":11},"end":{"line":13,"column":16}},"loc":{"start":{"line":13,"column":19},"end":{"line":15,"column":3}},"line":13},"2":{"name":"(anonymous_2)","decl":{"start":{"line":21,"column":16},"end":{"line":21,"column":17}},"loc":{"start":{"line":21,"column":25},"end":{"line":21,"column":53}},"line":21}},"branchMap":{"0":{"loc":{"start":{"line":11,"column":43},"end":{"line":11,"column":61}},"type":"binary-expr","locations":[{"start":{"line":11,"column":43},"end":{"line":11,"column":55}},{"start":{"line":11,"column":59},"end":{"line":11,"column":61}}],"line":11}},"s":{"0":39,"1":3,"2":39,"3":11},"f":{"0":39,"1":3,"2":11},"b":{"0":[39,36]},"_coverageSchema":"43e27e138ebf9cfc5966b082cf9a028302ed4184","hash":"47a095ef958198126480a87aaf7e34a660cf71b5"}
,"/Users/nils/develop/javascript/react-training/code/schritte/4-test/test/sum.js": {"path":"/Users/nils/develop/javascript/react-training/code/schritte/4-test/test/sum.js","statementMap":{"0":{"start":{"line":2,"column":2},"end":{"line":2,"column":15}}},"fnMap":{"0":{"name":"sum","decl":{"start":{"line":1,"column":16},"end":{"line":1,"column":19}},"loc":{"start":{"line":1,"column":26},"end":{"line":3,"column":1}},"line":1}},"branchMap":{},"s":{"0":2},"f":{"0":2},"b":{},"_coverageSchema":"43e27e138ebf9cfc5966b082cf9a028302ed4184","hash":"f84e5dbbd53229af2ab621edf483cd532d519bbf"}
}
