<?xml version="1.0" encoding="UTF-8"?>
<coverage generated="1517177338999" clover="3.2.0">
  <project timestamp="1517177338999" name="All files">
    <metrics statements="50" coveredstatements="38" conditionals="10" coveredconditionals="7" methods="19" coveredmethods="17" elements="79" coveredelements="62" complexity="0" loc="50" ncloc="50" packages="2" files="4" classes="4">
      <package name="src">
        <metrics statements="48" coveredstatements="36" conditionals="10" coveredconditionals="7" methods="19" coveredmethods="17"/>
        <file name="GreetingController.js" path="/Users/nils/develop/javascript/react-workshop/code/schritte/4-test/src/GreetingController.js">
          <metrics statements="25" coveredstatements="14" conditionals="4" coveredconditionals="2" methods="7" coveredmethods="5"/>
          <line num="5" count="1" type="stmt"/>
          <line num="6" count="1" type="stmt"/>
          <line num="7" count="1" type="stmt"/>
          <line num="11" count="5" type="stmt"/>
          <line num="12" count="5" type="stmt"/>
          <line num="15" count="1" type="stmt"/>
          <line num="17" count="0" type="stmt"/>
          <line num="24" count="2" type="stmt"/>
          <line num="25" count="2" type="stmt"/>
          <line num="32" count="2" type="stmt"/>
          <line num="36" count="2" type="stmt"/>
          <line num="37" count="2" type="stmt"/>
          <line num="38" count="2" type="stmt"/>
          <line num="39" count="2" type="stmt"/>
          <line num="41" count="0" type="stmt"/>
          <line num="42" count="0" type="stmt"/>
          <line num="45" count="2" type="stmt"/>
          <line num="50" count="0" type="stmt"/>
          <line num="51" count="0" type="stmt"/>
          <line num="59" count="0" type="cond" truecount="0" falsecount="2"/>
          <line num="60" count="0" type="stmt"/>
          <line num="62" count="0" type="stmt"/>
          <line num="64" count="0" type="stmt"/>
          <line num="69" count="0" type="stmt"/>
          <line num="74" count="0" type="stmt"/>
        </file>
        <file name="GreetingDetail.js" path="/Users/nils/develop/javascript/react-workshop/code/schritte/4-test/src/GreetingDetail.js">
          <metrics statements="18" coveredstatements="17" conditionals="6" coveredconditionals="5" methods="10" coveredmethods="10"/>
          <line num="14" count="14" type="stmt"/>
          <line num="15" count="14" type="cond" truecount="2" falsecount="0"/>
          <line num="17" count="14" type="stmt"/>
          <line num="20" count="2" type="stmt"/>
          <line num="21" count="5" type="stmt"/>
          <line num="26" count="3" type="stmt"/>
          <line num="27" count="1" type="stmt"/>
          <line num="28" count="1" type="stmt"/>
          <line num="36" count="5" type="stmt"/>
          <line num="37" count="5" type="cond" truecount="2" falsecount="0"/>
          <line num="38" count="5" type="stmt"/>
          <line num="45" count="1" type="stmt"/>
          <line num="46" count="1" type="cond" truecount="1" falsecount="1"/>
          <line num="47" count="0" type="stmt"/>
          <line num="52" count="1" type="stmt"/>
          <line num="53" count="1" type="stmt"/>
          <line num="54" count="1" type="stmt"/>
          <line num="61" count="8" type="stmt"/>
        </file>
        <file name="GreetingMaster.js" path="/Users/nils/develop/javascript/react-workshop/code/schritte/4-test/src/GreetingMaster.js">
          <metrics statements="5" coveredstatements="5" conditionals="0" coveredconditionals="0" methods="2" coveredmethods="2"/>
          <line num="3" count="2" type="stmt"/>
          <line num="4" count="6" type="stmt"/>
          <line num="5" count="6" type="stmt"/>
          <line num="6" count="8" type="stmt"/>
          <line num="11" count="6" type="stmt"/>
        </file>
      </package>
      <package name="test">
        <metrics statements="2" coveredstatements="2" conditionals="0" coveredconditionals="0" methods="0" coveredmethods="0"/>
        <file name="setup-jest.js" path="/Users/nils/develop/javascript/react-workshop/code/schritte/4-test/test/setup-jest.js">
          <metrics statements="2" coveredstatements="2" conditionals="0" coveredconditionals="0" methods="0" coveredmethods="0"/>
          <line num="2" count="3" type="stmt"/>
          <line num="8" count="3" type="stmt"/>
        </file>
      </package>
    </metrics>
  </project>
</coverage>
