<?xml version="1.0" encoding="UTF-8"?>
<coverage generated="1558882165698" clover="3.2.0">
  <project timestamp="1558882165698" name="All files">
    <metrics statements="45" coveredstatements="34" conditionals="10" coveredconditionals="7" methods="15" coveredmethods="13" elements="70" coveredelements="54" complexity="0" loc="45" ncloc="45" packages="2" files="5" classes="5"/>
    <package name="src">
      <metrics statements="44" coveredstatements="33" conditionals="10" coveredconditionals="7" methods="14" coveredmethods="12"/>
      <file name="GreetingController.js" path="/Users/nils/develop/javascript/react-training/code/schritte/4-test/src/GreetingController.js">
        <metrics statements="26" coveredstatements="16" conditionals="4" coveredconditionals="2" methods="6" coveredmethods="4"/>
        <line num="6" count="1" type="stmt"/>
        <line num="7" count="1" type="stmt"/>
        <line num="8" count="1" type="stmt"/>
        <line num="11" count="5" type="stmt"/>
        <line num="12" count="5" type="stmt"/>
        <line num="14" count="5" type="stmt"/>
        <line num="16" count="2" type="stmt"/>
        <line num="17" count="2" type="stmt"/>
        <line num="18" count="2" type="stmt"/>
        <line num="19" count="2" type="stmt"/>
        <line num="21" count="0" type="stmt"/>
        <line num="22" count="0" type="stmt"/>
        <line num="24" count="2" type="stmt"/>
        <line num="27" count="2" type="stmt"/>
        <line num="32" count="0" type="stmt"/>
        <line num="33" count="0" type="stmt"/>
        <line num="41" count="0" type="cond" truecount="0" falsecount="2"/>
        <line num="42" count="0" type="stmt"/>
        <line num="44" count="0" type="stmt"/>
        <line num="46" count="0" type="stmt"/>
        <line num="52" count="0" type="stmt"/>
        <line num="53" count="0" type="stmt"/>
        <line num="56" count="5" type="cond" truecount="2" falsecount="0"/>
        <line num="57" count="4" type="stmt"/>
        <line num="61" count="1" type="stmt"/>
        <line num="66" count="1" type="stmt"/>
      </file>
      <file name="GreetingDetail.js" path="/Users/nils/develop/javascript/react-training/code/schritte/4-test/src/GreetingDetail.js">
        <metrics statements="10" coveredstatements="9" conditionals="4" coveredconditionals="3" methods="3" coveredmethods="3"/>
        <line num="5" count="18" type="stmt"/>
        <line num="6" count="18" type="stmt"/>
        <line num="8" count="18" type="stmt"/>
        <line num="10" count="18" type="cond" truecount="2" falsecount="0"/>
        <line num="13" count="1" type="stmt"/>
        <line num="14" count="1" type="stmt"/>
        <line num="16" count="1" type="cond" truecount="1" falsecount="1"/>
        <line num="17" count="0" type="stmt"/>
        <line num="22" count="1" type="stmt"/>
        <line num="28" count="18" type="stmt"/>
      </file>
      <file name="GreetingMaster.js" path="/Users/nils/develop/javascript/react-training/code/schritte/4-test/src/GreetingMaster.js">
        <metrics statements="4" coveredstatements="4" conditionals="0" coveredconditionals="0" methods="2" coveredmethods="2"/>
        <line num="4" count="6" type="stmt"/>
        <line num="5" count="6" type="stmt"/>
        <line num="6" count="8" type="stmt"/>
        <line num="11" count="6" type="stmt"/>
      </file>
      <file name="useInput.js" path="/Users/nils/develop/javascript/react-training/code/schritte/4-test/src/useInput.js">
        <metrics statements="4" coveredstatements="4" conditionals="2" coveredconditionals="2" methods="3" coveredmethods="3"/>
        <line num="11" count="39" type="cond" truecount="2" falsecount="0"/>
        <line num="14" count="3" type="stmt"/>
        <line num="17" count="39" type="stmt"/>
        <line num="21" count="11" type="stmt"/>
      </file>
    </package>
    <package name="test">
      <metrics statements="1" coveredstatements="1" conditionals="0" coveredconditionals="0" methods="1" coveredmethods="1"/>
      <file name="sum.js" path="/Users/nils/develop/javascript/react-training/code/schritte/4-test/test/sum.js">
        <metrics statements="1" coveredstatements="1" conditionals="0" coveredconditionals="0" methods="1" coveredmethods="1"/>
        <line num="2" count="2" type="stmt"/>
      </file>
    </package>
  </project>
</coverage>
