{"/Users/nils/develop/javascript/react-workshop/code/schritte/4-test/src/GreetingController.js": {"path":"/Users/nils/develop/javascript/react-workshop/code/schritte/4-test/src/GreetingController.js","statementMap":{"0":{"start":{"line":6,"column":20},"end":{"line":6,"column":53}},"1":{"start":{"line":7,"column":20},"end":{"line":7,"column":33}},"2":{"start":{"line":8,"column":20},"end":{"line":8,"column":33}},"3":{"start":{"line":12,"column":34},"end":{"line":12,"column":44}},"4":{"start":{"line":13,"column":8},"end":{"line":21,"column":20}},"5":{"start":{"line":17,"column":49},"end":{"line":17,"column":83}},"6":{"start":{"line":19,"column":58},"end":{"line":19,"column":85}},"7":{"start":{"line":25,"column":8},"end":{"line":25,"column":21}},"8":{"start":{"line":26,"column":8},"end":{"line":29,"column":10}},"9":{"start":{"line":33,"column":8},"end":{"line":33,"column":29}},"10":{"start":{"line":37,"column":8},"end":{"line":41,"column":14}},"11":{"start":{"line":38,"column":30},"end":{"line":38,"column":45}},"12":{"start":{"line":39,"column":26},"end":{"line":39,"column":58}},"13":{"start":{"line":40,"column":26},"end":{"line":40,"column":73}},"14":{"start":{"line":46,"column":8},"end":{"line":79,"column":15}},"15":{"start":{"line":55,"column":12},"end":{"line":57,"column":13}},"16":{"start":{"line":56,"column":16},"end":{"line":56,"column":38}},"17":{"start":{"line":58,"column":12},"end":{"line":58,"column":71}},"18":{"start":{"line":62,"column":38},"end":{"line":62,"column":45}},"19":{"start":{"line":65,"column":36},"end":{"line":65,"column":77}},"20":{"start":{"line":68,"column":37},"end":{"line":68,"column":75}},"21":{"start":{"line":73,"column":16},"end":{"line":76,"column":19}},"22":{"start":{"line":78,"column":16},"end":{"line":78,"column":35}}},"fnMap":{"0":{"name":"(anonymous_0)","decl":{"start":{"line":11,"column":4},"end":{"line":11,"column":5}},"loc":{"start":{"line":11,"column":13},"end":{"line":22,"column":5}},"line":11},"1":{"name":"(anonymous_1)","decl":{"start":{"line":17,"column":43},"end":{"line":17,"column":44}},"loc":{"start":{"line":17,"column":49},"end":{"line":17,"column":83}},"line":17},"2":{"name":"(anonymous_2)","decl":{"start":{"line":19,"column":44},"end":{"line":19,"column":45}},"loc":{"start":{"line":19,"column":58},"end":{"line":19,"column":85}},"line":19},"3":{"name":"(anonymous_3)","decl":{"start":{"line":24,"column":4},"end":{"line":24,"column":5}},"loc":{"start":{"line":24,"column":23},"end":{"line":30,"column":5}},"line":24},"4":{"name":"(anonymous_4)","decl":{"start":{"line":32,"column":4},"end":{"line":32,"column":5}},"loc":{"start":{"line":32,"column":24},"end":{"line":34,"column":5}},"line":32},"5":{"name":"(anonymous_5)","decl":{"start":{"line":36,"column":4},"end":{"line":36,"column":5}},"loc":{"start":{"line":36,"column":20},"end":{"line":42,"column":5}},"line":36},"6":{"name":"(anonymous_6)","decl":{"start":{"line":38,"column":18},"end":{"line":38,"column":19}},"loc":{"start":{"line":38,"column":30},"end":{"line":38,"column":45}},"line":38},"7":{"name":"(anonymous_7)","decl":{"start":{"line":39,"column":18},"end":{"line":39,"column":19}},"loc":{"start":{"line":39,"column":26},"end":{"line":39,"column":58}},"line":39},"8":{"name":"(anonymous_8)","decl":{"start":{"line":40,"column":19},"end":{"line":40,"column":20}},"loc":{"start":{"line":40,"column":26},"end":{"line":40,"column":73}},"line":40},"9":{"name":"(anonymous_9)","decl":{"start":{"line":45,"column":4},"end":{"line":45,"column":5}},"loc":{"start":{"line":45,"column":36},"end":{"line":80,"column":5}},"line":45},"10":{"name":"(anonymous_10)","decl":{"start":{"line":54,"column":13},"end":{"line":54,"column":14}},"loc":{"start":{"line":54,"column":25},"end":{"line":59,"column":9}},"line":54},"11":{"name":"(anonymous_11)","decl":{"start":{"line":60,"column":18},"end":{"line":60,"column":19}},"loc":{"start":{"line":60,"column":26},"end":{"line":79,"column":13}},"line":60}},"branchMap":{"0":{"loc":{"start":{"line":15,"column":17},"end":{"line":19,"column":88}},"type":"cond-expr","locations":[{"start":{"line":16,"column":20},"end":{"line":18,"column":22}},{"start":{"line":19,"column":20},"end":{"line":19,"column":88}}],"line":15},"1":{"loc":{"start":{"line":55,"column":12},"end":{"line":57,"column":13}},"type":"if","locations":[{"start":{"line":55,"column":12},"end":{"line":57,"column":13}},{"start":{"line":55,"column":12},"end":{"line":57,"column":13}}],"line":55}},"s":{"0":1,"1":1,"2":1,"3":5,"4":5,"5":1,"6":0,"7":2,"8":2,"9":2,"10":2,"11":2,"12":2,"13":0,"14":0,"15":0,"16":0,"17":0,"18":0,"19":0,"20":0,"21":0,"22":0},"f":{"0":5,"1":1,"2":0,"3":2,"4":2,"5":2,"6":2,"7":2,"8":0,"9":0,"10":0,"11":0},"b":{"0":[4,1],"1":[0,0]},"_coverageSchema":"332fd63041d2c1bcb487cc26dd0d5f7d97098a6c","hash":"8c6a74622ea519e319422740e0d619401efa82a6"}
,"/Users/nils/develop/javascript/react-workshop/code/schritte/4-test/src/GreetingDetail.js": {"path":"/Users/nils/develop/javascript/react-workshop/code/schritte/4-test/src/GreetingDetail.js","statementMap":{"0":{"start":{"line":15,"column":33},"end":{"line":15,"column":43}},"1":{"start":{"line":16,"column":29},"end":{"line":16,"column":48}},"2":{"start":{"line":18,"column":8},"end":{"line":38,"column":20}},"3":{"start":{"line":20,"column":37},"end":{"line":20,"column":55}},"4":{"start":{"line":21,"column":42},"end":{"line":21,"column":65}},"5":{"start":{"line":25,"column":42},"end":{"line":25,"column":65}},"6":{"start":{"line":30,"column":35},"end":{"line":30,"column":47}},"7":{"start":{"line":35,"column":35},"end":{"line":35,"column":46}},"8":{"start":{"line":42,"column":8},"end":{"line":42,"column":21}},"9":{"start":{"line":43,"column":33},"end":{"line":43,"column":80}},"10":{"start":{"line":44,"column":8},"end":{"line":47,"column":10}},"11":{"start":{"line":51,"column":8},"end":{"line":51,"column":48}},"12":{"start":{"line":52,"column":8},"end":{"line":54,"column":9}},"13":{"start":{"line":53,"column":12},"end":{"line":53,"column":31}},"14":{"start":{"line":58,"column":25},"end":{"line":58,"column":35}},"15":{"start":{"line":59,"column":33},"end":{"line":59,"column":43}},"16":{"start":{"line":60,"column":8},"end":{"line":63,"column":11}},"17":{"start":{"line":67,"column":8},"end":{"line":67,"column":65}}},"fnMap":{"0":{"name":"(anonymous_0)","decl":{"start":{"line":14,"column":4},"end":{"line":14,"column":5}},"loc":{"start":{"line":14,"column":13},"end":{"line":39,"column":5}},"line":14},"1":{"name":"(anonymous_1)","decl":{"start":{"line":20,"column":28},"end":{"line":20,"column":29}},"loc":{"start":{"line":20,"column":37},"end":{"line":20,"column":55}},"line":20},"2":{"name":"(anonymous_2)","decl":{"start":{"line":21,"column":33},"end":{"line":21,"column":34}},"loc":{"start":{"line":21,"column":42},"end":{"line":21,"column":65}},"line":21},"3":{"name":"(anonymous_3)","decl":{"start":{"line":25,"column":33},"end":{"line":25,"column":34}},"loc":{"start":{"line":25,"column":42},"end":{"line":25,"column":65}},"line":25},"4":{"name":"(anonymous_4)","decl":{"start":{"line":30,"column":29},"end":{"line":30,"column":30}},"loc":{"start":{"line":30,"column":35},"end":{"line":30,"column":47}},"line":30},"5":{"name":"(anonymous_5)","decl":{"start":{"line":35,"column":29},"end":{"line":35,"column":30}},"loc":{"start":{"line":35,"column":35},"end":{"line":35,"column":46}},"line":35},"6":{"name":"(anonymous_6)","decl":{"start":{"line":41,"column":4},"end":{"line":41,"column":5}},"loc":{"start":{"line":41,"column":23},"end":{"line":48,"column":5}},"line":41},"7":{"name":"(anonymous_7)","decl":{"start":{"line":50,"column":4},"end":{"line":50,"column":5}},"loc":{"start":{"line":50,"column":12},"end":{"line":55,"column":5}},"line":50},"8":{"name":"(anonymous_8)","decl":{"start":{"line":57,"column":4},"end":{"line":57,"column":5}},"loc":{"start":{"line":57,"column":11},"end":{"line":64,"column":5}},"line":57},"9":{"name":"(anonymous_9)","decl":{"start":{"line":66,"column":4},"end":{"line":66,"column":5}},"loc":{"start":{"line":66,"column":23},"end":{"line":68,"column":5}},"line":66}},"branchMap":{"0":{"loc":{"start":{"line":16,"column":31},"end":{"line":16,"column":47}},"type":"binary-expr","locations":[{"start":{"line":16,"column":31},"end":{"line":16,"column":35}},{"start":{"line":16,"column":39},"end":{"line":16,"column":47}}],"line":16},"1":{"loc":{"start":{"line":43,"column":33},"end":{"line":43,"column":80}},"type":"binary-expr","locations":[{"start":{"line":43,"column":33},"end":{"line":43,"column":52}},{"start":{"line":43,"column":56},"end":{"line":43,"column":80}}],"line":43},"2":{"loc":{"start":{"line":52,"column":8},"end":{"line":54,"column":9}},"type":"if","locations":[{"start":{"line":52,"column":8},"end":{"line":54,"column":9}},{"start":{"line":52,"column":8},"end":{"line":54,"column":9}}],"line":52}},"s":{"0":14,"1":14,"2":14,"3":2,"4":5,"5":3,"6":1,"7":1,"8":5,"9":5,"10":5,"11":1,"12":1,"13":0,"14":1,"15":1,"16":1,"17":8},"f":{"0":14,"1":2,"2":5,"3":3,"4":1,"5":1,"6":5,"7":1,"8":1,"9":8},"b":{"0":[14,6],"1":[5,5],"2":[0,1]},"_coverageSchema":"332fd63041d2c1bcb487cc26dd0d5f7d97098a6c","hash":"17e059557c7fdff4cf2cfbc8bcb63fdb2b92a13a"}
,"/Users/nils/develop/javascript/react-workshop/code/schritte/4-test/src/GreetingMaster.js": {"path":"/Users/nils/develop/javascript/react-workshop/code/schritte/4-test/src/GreetingMaster.js","statementMap":{"0":{"start":{"line":3,"column":23},"end":{"line":22,"column":1}},"1":{"start":{"line":4,"column":31},"end":{"line":4,"column":36}},"2":{"start":{"line":5,"column":17},"end":{"line":5,"column":123}},"3":{"start":{"line":5,"column":43},"end":{"line":5,"column":122}},"4":{"start":{"line":6,"column":4},"end":{"line":21,"column":6}}},"fnMap":{"0":{"name":"(anonymous_0)","decl":{"start":{"line":3,"column":23},"end":{"line":3,"column":24}},"loc":{"start":{"line":3,"column":34},"end":{"line":22,"column":1}},"line":3},"1":{"name":"(anonymous_1)","decl":{"start":{"line":5,"column":31},"end":{"line":5,"column":32}},"loc":{"start":{"line":5,"column":43},"end":{"line":5,"column":122}},"line":5}},"branchMap":{},"s":{"0":2,"1":6,"2":6,"3":8,"4":6},"f":{"0":6,"1":8},"b":{},"_coverageSchema":"332fd63041d2c1bcb487cc26dd0d5f7d97098a6c","hash":"94af563196bdd6380218f6a051f089658397f051"}
,"/Users/nils/develop/javascript/react-workshop/code/schritte/4-test/test/setup-jest.js": {"path":"/Users/nils/develop/javascript/react-workshop/code/schritte/4-test/test/setup-jest.js","statementMap":{"0":{"start":{"line":2,"column":0},"end":{"line":2,"column":42}}},"fnMap":{},"branchMap":{},"s":{"0":3},"f":{},"b":{},"_coverageSchema":"332fd63041d2c1bcb487cc26dd0d5f7d97098a6c","hash":"dbd6e589aaa8b528acaa37587c8d7b48d5f0e5f8"}
}
