TN:
SF:/Users/nils/develop/javascript/react-workshop/code/schritte/4-test/src/GreetingController.js
FN:10,(anonymous_0)
FN:15,(anonymous_1)
FN:17,(anonymous_2)
FN:23,(anonymous_3)
FN:31,(anonymous_4)
FN:35,(anonymous_5)
FN:48,(anonymous_6)
FNF:7
FNH:5
FNDA:5,(anonymous_0)
FNDA:1,(anonymous_1)
FNDA:0,(anonymous_2)
FNDA:2,(anonymous_3)
FNDA:2,(anonymous_4)
FNDA:2,(anonymous_5)
FNDA:0,(anonymous_6)
DA:5,1
DA:6,1
DA:7,1
DA:11,5
DA:12,5
DA:15,1
DA:17,0
DA:24,2
DA:25,2
DA:32,2
DA:36,2
DA:37,2
DA:38,2
DA:39,2
DA:41,0
DA:42,0
DA:45,2
DA:50,0
DA:51,0
DA:59,0
DA:60,0
DA:62,0
DA:64,0
DA:69,0
DA:74,0
LF:25
LH:14
BRDA:14,0,0,4
BRDA:14,0,1,1
BRDA:59,1,0,0
BRDA:59,1,1,0
BRF:4
BRH:2
end_of_record
TN:
SF:/Users/nils/develop/javascript/react-workshop/code/schritte/4-test/src/GreetingDetail.js
FN:13,(anonymous_0)
FN:20,(anonymous_1)
FN:21,(anonymous_2)
FN:26,(anonymous_3)
FN:27,(anonymous_4)
FN:28,(anonymous_5)
FN:35,(anonymous_6)
FN:44,(anonymous_7)
FN:51,(anonymous_8)
FN:60,(anonymous_9)
FNF:10
FNH:10
FNDA:14,(anonymous_0)
FNDA:2,(anonymous_1)
FNDA:5,(anonymous_2)
FNDA:3,(anonymous_3)
FNDA:1,(anonymous_4)
FNDA:1,(anonymous_5)
FNDA:5,(anonymous_6)
FNDA:1,(anonymous_7)
FNDA:1,(anonymous_8)
FNDA:8,(anonymous_9)
DA:14,14
DA:15,14
DA:17,14
DA:20,2
DA:21,5
DA:26,3
DA:27,1
DA:28,1
DA:36,5
DA:37,5
DA:38,5
DA:45,1
DA:46,1
DA:47,0
DA:52,1
DA:53,1
DA:54,1
DA:61,8
LF:18
LH:17
BRDA:15,0,0,14
BRDA:15,0,1,6
BRDA:37,1,0,5
BRDA:37,1,1,5
BRDA:46,2,0,0
BRDA:46,2,1,1
BRF:6
BRH:5
end_of_record
TN:
SF:/Users/nils/develop/javascript/react-workshop/code/schritte/4-test/src/GreetingMaster.js
FN:3,(anonymous_0)
FN:5,(anonymous_1)
FNF:2
FNH:2
FNDA:6,(anonymous_0)
FNDA:8,(anonymous_1)
DA:3,2
DA:4,6
DA:5,6
DA:6,8
DA:11,6
LF:5
LH:5
BRF:0
BRH:0
end_of_record
TN:
SF:/Users/nils/develop/javascript/react-workshop/code/schritte/4-test/test/setup-jest.js
FNF:0
FNH:0
DA:2,3
DA:8,3
LF:2
LH:2
BRF:0
BRH:0
end_of_record
