TN:
SF:/Users/nils/develop/javascript/react-workshop/code/schritte/4-test/src/GreetingController.js
FN:11,(anonymous_0)
FN:17,(anonymous_1)
FN:19,(anonymous_2)
FN:24,(anonymous_3)
FN:32,(anonymous_4)
FN:36,(anonymous_5)
FN:38,(anonymous_6)
FN:39,(anonymous_7)
FN:40,(anonymous_8)
FN:45,(anonymous_9)
FN:54,(anonymous_10)
FN:60,(anonymous_11)
FNF:12
FNH:7
FNDA:5,(anonymous_0)
FNDA:1,(anonymous_1)
FNDA:0,(anonymous_2)
FNDA:2,(anonymous_3)
FNDA:2,(anonymous_4)
FNDA:2,(anonymous_5)
FNDA:2,(anonymous_6)
FNDA:2,(anonymous_7)
FNDA:0,(anonymous_8)
FNDA:0,(anonymous_9)
FNDA:0,(anonymous_10)
FNDA:0,(anonymous_11)
DA:6,1
DA:7,1
DA:8,1
DA:12,5
DA:13,5
DA:17,1
DA:19,0
DA:25,2
DA:26,2
DA:33,2
DA:37,2
DA:38,2
DA:39,2
DA:40,0
DA:46,0
DA:55,0
DA:56,0
DA:58,0
DA:62,0
DA:65,0
DA:68,0
DA:73,0
DA:78,0
LF:23
LH:12
BRDA:15,0,0,4
BRDA:15,0,1,1
BRDA:55,1,0,0
BRDA:55,1,1,0
BRF:4
BRH:2
end_of_record
TN:
SF:/Users/nils/develop/javascript/react-workshop/code/schritte/4-test/src/GreetingDetail.js
FN:14,(anonymous_0)
FN:20,(anonymous_1)
FN:21,(anonymous_2)
FN:25,(anonymous_3)
FN:30,(anonymous_4)
FN:35,(anonymous_5)
FN:41,(anonymous_6)
FN:50,(anonymous_7)
FN:57,(anonymous_8)
FN:66,(anonymous_9)
FNF:10
FNH:10
FNDA:14,(anonymous_0)
FNDA:2,(anonymous_1)
FNDA:5,(anonymous_2)
FNDA:3,(anonymous_3)
FNDA:1,(anonymous_4)
FNDA:1,(anonymous_5)
FNDA:5,(anonymous_6)
FNDA:1,(anonymous_7)
FNDA:1,(anonymous_8)
FNDA:8,(anonymous_9)
DA:15,14
DA:16,14
DA:18,14
DA:20,2
DA:21,5
DA:25,3
DA:30,1
DA:35,1
DA:42,5
DA:43,5
DA:44,5
DA:51,1
DA:52,1
DA:53,0
DA:58,1
DA:59,1
DA:60,1
DA:67,8
LF:18
LH:17
BRDA:16,0,0,14
BRDA:16,0,1,6
BRDA:43,1,0,5
BRDA:43,1,1,5
BRDA:52,2,0,0
BRDA:52,2,1,1
BRF:6
BRH:5
end_of_record
TN:
SF:/Users/nils/develop/javascript/react-workshop/code/schritte/4-test/src/GreetingMaster.js
FN:3,(anonymous_0)
FN:5,(anonymous_1)
FNF:2
FNH:2
FNDA:6,(anonymous_0)
FNDA:8,(anonymous_1)
DA:3,2
DA:4,6
DA:5,8
DA:6,6
LF:4
LH:4
BRF:0
BRH:0
end_of_record
TN:
SF:/Users/nils/develop/javascript/react-workshop/code/schritte/4-test/test/setup-jest.js
FNF:0
FNH:0
DA:2,3
LF:1
LH:1
BRF:0
BRH:0
end_of_record
