TN:
SF:/Users/nils/develop/javascript/react-training/code/schritte/4-test/src/GreetingController.js
FN:10,GreetingController
FN:14,(anonymous_1)
FN:15,loadGreetings
FN:30,addGreeting
FN:52,(anonymous_4)
FN:60,(anonymous_5)
FNF:6
FNH:4
FNDA:5,GreetingController
FNDA:2,(anonymous_1)
FNDA:2,loadGreetings
FNDA:0,addGreeting
FNDA:0,(anonymous_4)
FNDA:1,(anonymous_5)
DA:6,1
DA:7,1
DA:8,1
DA:11,5
DA:12,5
DA:14,5
DA:16,2
DA:17,2
DA:18,2
DA:19,2
DA:21,0
DA:22,0
DA:24,2
DA:27,2
DA:32,0
DA:33,0
DA:41,0
DA:42,0
DA:44,0
DA:46,0
DA:52,0
DA:53,0
DA:56,5
DA:57,4
DA:61,1
DA:66,1
LF:26
LH:16
BRDA:41,0,0,0
BRDA:41,0,1,0
BRDA:56,1,0,4
BRDA:56,1,1,1
BRF:4
BRH:2
end_of_record
TN:
SF:/Users/nils/develop/javascript/react-training/code/schritte/4-test/src/GreetingDetail.js
FN:4,GreetingDetail
FN:12,reset
FN:21,save
FNF:3
FNH:3
FNDA:18,GreetingDetail
FNDA:1,reset
FNDA:1,save
DA:5,18
DA:6,18
DA:8,18
DA:10,18
DA:13,1
DA:14,1
DA:16,1
DA:17,0
DA:22,1
DA:28,18
LF:10
LH:9
BRDA:10,0,0,18
BRDA:10,0,1,8
BRDA:16,1,0,0
BRDA:16,1,1,1
BRF:4
BRH:3
end_of_record
TN:
SF:/Users/nils/develop/javascript/react-training/code/schritte/4-test/src/GreetingMaster.js
FN:3,GreetingMaster
FN:5,(anonymous_1)
FNF:2
FNH:2
FNDA:6,GreetingMaster
FNDA:8,(anonymous_1)
DA:4,6
DA:5,6
DA:6,8
DA:11,6
LF:4
LH:4
BRF:0
BRH:0
end_of_record
TN:
SF:/Users/nils/develop/javascript/react-training/code/schritte/4-test/src/useInput.js
FN:10,useInput
FN:13,reset
FN:21,(anonymous_2)
FNF:3
FNH:3
FNDA:39,useInput
FNDA:3,reset
FNDA:11,(anonymous_2)
DA:11,39
DA:14,3
DA:17,39
DA:21,11
LF:4
LH:4
BRDA:11,0,0,39
BRDA:11,0,1,36
BRF:2
BRH:2
end_of_record
TN:
SF:/Users/nils/develop/javascript/react-training/code/schritte/4-test/test/sum.js
FN:1,sum
FNF:1
FNH:1
FNDA:2,sum
DA:2,2
LF:1
LH:1
BRF:0
BRH:0
end_of_record
