<?xml version="1.0" encoding="UTF-8"?>
<coverage generated="1517344862191" clover="3.2.0">
  <project timestamp="1517344862191" name="All files">
    <metrics statements="140" coveredstatements="112" conditionals="109" coveredconditionals="70" methods="47" coveredmethods="37" elements="296" coveredelements="219" complexity="0" loc="140" ncloc="140" packages="2" files="4" classes="4">
      <package name="src">
        <metrics statements="135" coveredstatements="107" conditionals="109" coveredconditionals="70" methods="47" coveredmethods="37"/>
        <file name="GreetingController.tsx" path="/Users/nils/develop/javascript/react-workshop/code/schritte/5-typescript/src/GreetingController.tsx">
          <metrics statements="91" coveredstatements="66" conditionals="90" coveredconditionals="58" methods="29" coveredmethods="21"/>
          <line num="2" count="1" type="cond" truecount="3" falsecount="0"/>
          <line num="3" count="1" type="cond" truecount="1" falsecount="3"/>
          <line num="4" count="0" type="stmt"/>
          <line num="5" count="0" type="cond" truecount="0" falsecount="2"/>
          <line num="6" count="1" type="stmt"/>
          <line num="7" count="1" type="stmt"/>
          <line num="8" count="1" type="stmt"/>
          <line num="9" count="1" type="cond" truecount="1" falsecount="1"/>
          <line num="12" count="1" type="cond" truecount="3" falsecount="0"/>
          <line num="13" count="2" type="cond" truecount="2" falsecount="0"/>
          <line num="14" count="4" type="stmt"/>
          <line num="15" count="0" type="stmt"/>
          <line num="16" count="6" type="cond" truecount="2" falsecount="0"/>
          <line num="17" count="2" type="cond" truecount="2" falsecount="0"/>
          <line num="20" count="1" type="cond" truecount="3" falsecount="0"/>
          <line num="21" count="4" type="cond" truecount="1" falsecount="1"/>
          <line num="22" count="2" type="cond" truecount="2" falsecount="0"/>
          <line num="23" count="6" type="stmt"/>
          <line num="25" count="6" type="cond" truecount="1" falsecount="1"/>
          <line num="26" count="16" type="stmt"/>
          <line num="27" count="16" type="cond" truecount="2" falsecount="7"/>
          <line num="28" count="16" type="cond" truecount="1" falsecount="1"/>
          <line num="29" count="16" type="cond" truecount="4" falsecount="2"/>
          <line num="30" count="6" type="stmt"/>
          <line num="31" count="4" type="stmt"/>
          <line num="32" count="0" type="stmt"/>
          <line num="33" count="0" type="stmt"/>
          <line num="35" count="6" type="cond" truecount="7" falsecount="0"/>
          <line num="36" count="4" type="cond" truecount="6" falsecount="0"/>
          <line num="37" count="2" type="cond" truecount="2" falsecount="2"/>
          <line num="38" count="2" type="cond" truecount="3" falsecount="1"/>
          <line num="39" count="2" type="cond" truecount="1" falsecount="1"/>
          <line num="40" count="2" type="stmt"/>
          <line num="42" count="8" type="stmt"/>
          <line num="43" count="16" type="stmt"/>
          <line num="44" count="2" type="cond" truecount="2" falsecount="2"/>
          <line num="47" count="1" type="stmt"/>
          <line num="48" count="1" type="stmt"/>
          <line num="49" count="1" type="stmt"/>
          <line num="50" count="1" type="stmt"/>
          <line num="51" count="1" type="stmt"/>
          <line num="52" count="1" type="stmt"/>
          <line num="53" count="1" type="stmt"/>
          <line num="54" count="1" type="stmt"/>
          <line num="55" count="1" type="stmt"/>
          <line num="57" count="2" type="cond" truecount="2" falsecount="0"/>
          <line num="58" count="2" type="stmt"/>
          <line num="62" count="2" type="stmt"/>
          <line num="64" count="1" type="stmt"/>
          <line num="65" count="5" type="stmt"/>
          <line num="66" count="5" type="stmt"/>
          <line num="67" count="5" type="cond" truecount="2" falsecount="0"/>
          <line num="69" count="1" type="stmt"/>
          <line num="70" count="2" type="stmt"/>
          <line num="72" count="1" type="stmt"/>
          <line num="73" count="2" type="stmt"/>
          <line num="75" count="2" type="stmt"/>
          <line num="76" count="8" type="cond" truecount="5" falsecount="1"/>
          <line num="78" count="2" type="stmt"/>
          <line num="79" count="2" type="stmt"/>
          <line num="81" count="2" type="stmt"/>
          <line num="82" count="2" type="stmt"/>
          <line num="84" count="2" type="stmt"/>
          <line num="85" count="2" type="stmt"/>
          <line num="87" count="2" type="stmt"/>
          <line num="88" count="2" type="stmt"/>
          <line num="90" count="0" type="stmt"/>
          <line num="91" count="0" type="stmt"/>
          <line num="92" count="0" type="stmt"/>
          <line num="94" count="2" type="stmt"/>
          <line num="95" count="2" type="stmt"/>
          <line num="100" count="1" type="stmt"/>
          <line num="101" count="0" type="stmt"/>
          <line num="103" count="0" type="stmt"/>
          <line num="104" count="0" type="cond" truecount="0" falsecount="5"/>
          <line num="106" count="0" type="stmt"/>
          <line num="107" count="0" type="stmt"/>
          <line num="116" count="0" type="stmt"/>
          <line num="117" count="0" type="cond" truecount="0" falsecount="2"/>
          <line num="118" count="0" type="stmt"/>
          <line num="120" count="0" type="stmt"/>
          <line num="122" count="0" type="stmt"/>
          <line num="123" count="0" type="stmt"/>
          <line num="125" count="0" type="stmt"/>
          <line num="126" count="0" type="stmt"/>
          <line num="127" count="0" type="stmt"/>
          <line num="129" count="0" type="stmt"/>
          <line num="133" count="0" type="stmt"/>
          <line num="137" count="0" type="stmt"/>
          <line num="142" count="1" type="stmt"/>
          <line num="144" count="1" type="stmt"/>
        </file>
        <file name="GreetingDetail.tsx" path="/Users/nils/develop/javascript/react-workshop/code/schritte/5-typescript/src/GreetingDetail.tsx">
          <metrics statements="37" coveredstatements="34" conditionals="19" coveredconditionals="12" methods="16" coveredmethods="14"/>
          <line num="2" count="2" type="cond" truecount="3" falsecount="0"/>
          <line num="3" count="2" type="cond" truecount="1" falsecount="3"/>
          <line num="4" count="0" type="stmt"/>
          <line num="5" count="0" type="cond" truecount="0" falsecount="2"/>
          <line num="6" count="2" type="stmt"/>
          <line num="7" count="2" type="stmt"/>
          <line num="8" count="2" type="stmt"/>
          <line num="9" count="2" type="cond" truecount="1" falsecount="1"/>
          <line num="12" count="2" type="stmt"/>
          <line num="13" count="2" type="stmt"/>
          <line num="16" count="2" type="stmt"/>
          <line num="17" count="2" type="stmt"/>
          <line num="19" count="5" type="cond" truecount="2" falsecount="0"/>
          <line num="20" count="5" type="cond" truecount="2" falsecount="0"/>
          <line num="21" count="5" type="stmt"/>
          <line num="25" count="5" type="stmt"/>
          <line num="27" count="2" type="stmt"/>
          <line num="28" count="14" type="stmt"/>
          <line num="29" count="14" type="stmt"/>
          <line num="30" count="14" type="cond" truecount="2" falsecount="0"/>
          <line num="31" count="14" type="stmt"/>
          <line num="32" count="5" type="stmt"/>
          <line num="33" count="3" type="stmt"/>
          <line num="34" count="1" type="stmt"/>
          <line num="35" count="1" type="stmt"/>
          <line num="37" count="2" type="stmt"/>
          <line num="38" count="1" type="stmt"/>
          <line num="39" count="1" type="cond" truecount="1" falsecount="1"/>
          <line num="40" count="0" type="stmt"/>
          <line num="43" count="2" type="stmt"/>
          <line num="44" count="1" type="stmt"/>
          <line num="45" count="1" type="stmt"/>
          <line num="46" count="1" type="stmt"/>
          <line num="51" count="2" type="stmt"/>
          <line num="52" count="8" type="stmt"/>
          <line num="55" count="2" type="stmt"/>
          <line num="57" count="2" type="stmt"/>
        </file>
        <file name="GreetingMaster.tsx" path="/Users/nils/develop/javascript/react-workshop/code/schritte/5-typescript/src/GreetingMaster.tsx">
          <metrics statements="7" coveredstatements="7" conditionals="0" coveredconditionals="0" methods="2" coveredmethods="2"/>
          <line num="2" count="2" type="stmt"/>
          <line num="3" count="2" type="stmt"/>
          <line num="4" count="2" type="stmt"/>
          <line num="5" count="6" type="stmt"/>
          <line num="6" count="8" type="stmt"/>
          <line num="9" count="6" type="stmt"/>
          <line num="18" count="2" type="stmt"/>
        </file>
      </package>
      <package name="test">
        <metrics statements="5" coveredstatements="5" conditionals="0" coveredconditionals="0" methods="0" coveredmethods="0"/>
        <file name="setup-jest.js" path="/Users/nils/develop/javascript/react-workshop/code/schritte/5-typescript/test/setup-jest.js">
          <metrics statements="5" coveredstatements="5" conditionals="0" coveredconditionals="0" methods="0" coveredmethods="0"/>
          <line num="2" count="3" type="stmt"/>
          <line num="4" count="3" type="stmt"/>
          <line num="6" count="3" type="stmt"/>
          <line num="7" count="3" type="stmt"/>
          <line num="8" count="3" type="stmt"/>
        </file>
      </package>
    </metrics>
  </project>
</coverage>
