{"/Users/nils/develop/javascript/react-workshop/code/schritte/5-typescript/src/GreetingController.tsx": {"path":"/Users/nils/develop/javascript/react-workshop/code/schritte/5-typescript/src/GreetingController.tsx","statementMap":{"0":{"start":{"line":2,"column":16},"end":{"line":11,"column":4}},"1":{"start":{"line":3,"column":24},"end":{"line":5,"column":82}},"2":{"start":{"line":4,"column":65},"end":{"line":4,"column":81}},"3":{"start":{"line":5,"column":26},"end":{"line":5,"column":80}},"4":{"start":{"line":5,"column":43},"end":{"line":5,"column":80}},"5":{"start":{"line":5,"column":68},"end":{"line":5,"column":80}},"6":{"start":{"line":6,"column":4},"end":{"line":10,"column":6}},"7":{"start":{"line":7,"column":8},"end":{"line":7,"column":28}},"8":{"start":{"line":8,"column":24},"end":{"line":8,"column":45}},"9":{"start":{"line":9,"column":8},"end":{"line":9,"column":93}},"10":{"start":{"line":12,"column":16},"end":{"line":19,"column":1}},"11":{"start":{"line":13,"column":4},"end":{"line":18,"column":7}},"12":{"start":{"line":14,"column":36},"end":{"line":14,"column":97}},"13":{"start":{"line":14,"column":42},"end":{"line":14,"column":70}},"14":{"start":{"line":14,"column":85},"end":{"line":14,"column":95}},"15":{"start":{"line":15,"column":35},"end":{"line":15,"column":100}},"16":{"start":{"line":15,"column":41},"end":{"line":15,"column":73}},"17":{"start":{"line":15,"column":88},"end":{"line":15,"column":98}},"18":{"start":{"line":16,"column":32},"end":{"line":16,"column":149}},"19":{"start":{"line":16,"column":97},"end":{"line":16,"column":119}},"20":{"start":{"line":17,"column":8},"end":{"line":17,"column":78}},"21":{"start":{"line":20,"column":18},"end":{"line":46,"column":1}},"22":{"start":{"line":21,"column":12},"end":{"line":21,"column":104}},"23":{"start":{"line":21,"column":43},"end":{"line":21,"column":68}},"24":{"start":{"line":21,"column":57},"end":{"line":21,"column":68}},"25":{"start":{"line":21,"column":69},"end":{"line":21,"column":81}},"26":{"start":{"line":22,"column":4},"end":{"line":22,"column":157}},"27":{"start":{"line":22,"column":138},"end":{"line":22,"column":150}},"28":{"start":{"line":23,"column":23},"end":{"line":23,"column":68}},"29":{"start":{"line":23,"column":45},"end":{"line":23,"column":65}},"30":{"start":{"line":25,"column":8},"end":{"line":25,"column":70}},"31":{"start":{"line":25,"column":15},"end":{"line":25,"column":70}},"32":{"start":{"line":26,"column":8},"end":{"line":43,"column":66}},"33":{"start":{"line":26,"column":18},"end":{"line":43,"column":66}},"34":{"start":{"line":27,"column":12},"end":{"line":27,"column":127}},"35":{"start":{"line":27,"column":118},"end":{"line":27,"column":127}},"36":{"start":{"line":28,"column":12},"end":{"line":28,"column":44}},"37":{"start":{"line":28,"column":26},"end":{"line":28,"column":44}},"38":{"start":{"line":29,"column":12},"end":{"line":41,"column":13}},"39":{"start":{"line":30,"column":32},"end":{"line":30,"column":39}},"40":{"start":{"line":30,"column":40},"end":{"line":30,"column":46}},"41":{"start":{"line":31,"column":24},"end":{"line":31,"column":34}},"42":{"start":{"line":31,"column":35},"end":{"line":31,"column":72}},"43":{"start":{"line":32,"column":24},"end":{"line":32,"column":34}},"44":{"start":{"line":32,"column":35},"end":{"line":32,"column":45}},"45":{"start":{"line":32,"column":46},"end":{"line":32,"column":55}},"46":{"start":{"line":32,"column":56},"end":{"line":32,"column":65}},"47":{"start":{"line":33,"column":24},"end":{"line":33,"column":41}},"48":{"start":{"line":33,"column":42},"end":{"line":33,"column":55}},"49":{"start":{"line":33,"column":56},"end":{"line":33,"column":65}},"50":{"start":{"line":35,"column":20},"end":{"line":35,"column":128}},"51":{"start":{"line":35,"column":110},"end":{"line":35,"column":116}},"52":{"start":{"line":35,"column":117},"end":{"line":35,"column":126}},"53":{"start":{"line":36,"column":20},"end":{"line":36,"column":106}},"54":{"start":{"line":36,"column":81},"end":{"line":36,"column":97}},"55":{"start":{"line":36,"column":98},"end":{"line":36,"column":104}},"56":{"start":{"line":37,"column":20},"end":{"line":37,"column":89}},"57":{"start":{"line":37,"column":57},"end":{"line":37,"column":72}},"58":{"start":{"line":37,"column":73},"end":{"line":37,"column":80}},"59":{"start":{"line":37,"column":81},"end":{"line":37,"column":87}},"60":{"start":{"line":38,"column":20},"end":{"line":38,"column":87}},"61":{"start":{"line":38,"column":47},"end":{"line":38,"column":62}},"62":{"start":{"line":38,"column":63},"end":{"line":38,"column":78}},"63":{"start":{"line":38,"column":79},"end":{"line":38,"column":85}},"64":{"start":{"line":39,"column":20},"end":{"line":39,"column":42}},"65":{"start":{"line":39,"column":30},"end":{"line":39,"column":42}},"66":{"start":{"line":40,"column":20},"end":{"line":40,"column":33}},"67":{"start":{"line":40,"column":34},"end":{"line":40,"column":43}},"68":{"start":{"line":42,"column":12},"end":{"line":42,"column":39}},"69":{"start":{"line":43,"column":22},"end":{"line":43,"column":34}},"70":{"start":{"line":43,"column":35},"end":{"line":43,"column":41}},"71":{"start":{"line":43,"column":54},"end":{"line":43,"column":64}},"72":{"start":{"line":44,"column":8},"end":{"line":44,"column":35}},"73":{"start":{"line":44,"column":23},"end":{"line":44,"column":35}},"74":{"start":{"line":44,"column":36},"end":{"line":44,"column":89}},"75":{"start":{"line":47,"column":0},"end":{"line":47,"column":62}},"76":{"start":{"line":48,"column":12},"end":{"line":48,"column":28}},"77":{"start":{"line":49,"column":23},"end":{"line":49,"column":50}},"78":{"start":{"line":50,"column":23},"end":{"line":50,"column":50}},"79":{"start":{"line":51,"column":18},"end":{"line":51,"column":51}},"80":{"start":{"line":52,"column":18},"end":{"line":52,"column":31}},"81":{"start":{"line":53,"column":18},"end":{"line":53,"column":31}},"82":{"start":{"line":54,"column":40},"end":{"line":143,"column":18}},"83":{"start":{"line":55,"column":4},"end":{"line":55,"column":42}},"84":{"start":{"line":57,"column":20},"end":{"line":57,"column":52}},"85":{"start":{"line":58,"column":8},"end":{"line":61,"column":10}},"86":{"start":{"line":62,"column":8},"end":{"line":62,"column":21}},"87":{"start":{"line":64,"column":4},"end":{"line":68,"column":6}},"88":{"start":{"line":65,"column":20},"end":{"line":65,"column":24}},"89":{"start":{"line":66,"column":17},"end":{"line":66,"column":27}},"90":{"start":{"line":66,"column":36},"end":{"line":66,"column":43}},"91":{"start":{"line":66,"column":57},"end":{"line":66,"column":69}},"92":{"start":{"line":67,"column":8},"end":{"line":67,"column":342}},"93":{"start":{"line":67,"column":164},"end":{"line":67,"column":209}},"94":{"start":{"line":67,"column":297},"end":{"line":67,"column":333}},"95":{"start":{"line":69,"column":4},"end":{"line":71,"column":6}},"96":{"start":{"line":70,"column":8},"end":{"line":70,"column":29}},"97":{"start":{"line":72,"column":4},"end":{"line":99,"column":6}},"98":{"start":{"line":73,"column":8},"end":{"line":98,"column":11}},"99":{"start":{"line":75,"column":12},"end":{"line":97,"column":15}},"100":{"start":{"line":76,"column":16},"end":{"line":96,"column":17}},"101":{"start":{"line":78,"column":24},"end":{"line":78,"column":41}},"102":{"start":{"line":79,"column":24},"end":{"line":79,"column":37}},"103":{"start":{"line":81,"column":24},"end":{"line":81,"column":50}},"104":{"start":{"line":82,"column":24},"end":{"line":82,"column":65}},"105":{"start":{"line":84,"column":24},"end":{"line":84,"column":45}},"106":{"start":{"line":85,"column":24},"end":{"line":85,"column":62}},"107":{"start":{"line":87,"column":24},"end":{"line":87,"column":46}},"108":{"start":{"line":88,"column":24},"end":{"line":88,"column":48}},"109":{"start":{"line":90,"column":24},"end":{"line":90,"column":42}},"110":{"start":{"line":91,"column":24},"end":{"line":91,"column":74}},"111":{"start":{"line":92,"column":24},"end":{"line":92,"column":46}},"112":{"start":{"line":94,"column":24},"end":{"line":94,"column":64}},"113":{"start":{"line":95,"column":24},"end":{"line":95,"column":46}},"114":{"start":{"line":100,"column":4},"end":{"line":141,"column":6}},"115":{"start":{"line":101,"column":8},"end":{"line":140,"column":11}},"116":{"start":{"line":103,"column":12},"end":{"line":139,"column":15}},"117":{"start":{"line":104,"column":16},"end":{"line":138,"column":17}},"118":{"start":{"line":106,"column":24},"end":{"line":106,"column":50}},"119":{"start":{"line":107,"column":24},"end":{"line":114,"column":32}},"120":{"start":{"line":116,"column":24},"end":{"line":116,"column":45}},"121":{"start":{"line":117,"column":24},"end":{"line":119,"column":25}},"122":{"start":{"line":118,"column":28},"end":{"line":118,"column":87}},"123":{"start":{"line":120,"column":24},"end":{"line":120,"column":62}},"124":{"start":{"line":122,"column":24},"end":{"line":122,"column":48}},"125":{"start":{"line":123,"column":24},"end":{"line":123,"column":48}},"126":{"start":{"line":125,"column":24},"end":{"line":125,"column":42}},"127":{"start":{"line":126,"column":24},"end":{"line":126,"column":74}},"128":{"start":{"line":127,"column":24},"end":{"line":127,"column":48}},"129":{"start":{"line":129,"column":24},"end":{"line":129,"column":82}},"130":{"start":{"line":133,"column":24},"end":{"line":136,"column":27}},"131":{"start":{"line":137,"column":24},"end":{"line":137,"column":46}},"132":{"start":{"line":142,"column":4},"end":{"line":142,"column":30}},"133":{"start":{"line":144,"column":0},"end":{"line":144,"column":37}}},"fnMap":{"0":{"name":"(anonymous_0)","decl":{"start":{"line":2,"column":45},"end":{"line":2,"column":46}},"loc":{"start":{"line":2,"column":57},"end":{"line":11,"column":1}},"line":2},"1":{"name":"(anonymous_1)","decl":{"start":{"line":4,"column":47},"end":{"line":4,"column":48}},"loc":{"start":{"line":4,"column":63},"end":{"line":4,"column":83}},"line":4},"2":{"name":"(anonymous_2)","decl":{"start":{"line":5,"column":8},"end":{"line":5,"column":9}},"loc":{"start":{"line":5,"column":24},"end":{"line":5,"column":82}},"line":5},"3":{"name":"(anonymous_3)","decl":{"start":{"line":6,"column":11},"end":{"line":6,"column":12}},"loc":{"start":{"line":6,"column":27},"end":{"line":10,"column":5}},"line":6},"4":{"name":"__","decl":{"start":{"line":8,"column":17},"end":{"line":8,"column":19}},"loc":{"start":{"line":8,"column":22},"end":{"line":8,"column":47}},"line":8},"5":{"name":"(anonymous_5)","decl":{"start":{"line":12,"column":44},"end":{"line":12,"column":45}},"loc":{"start":{"line":12,"column":89},"end":{"line":19,"column":1}},"line":12},"6":{"name":"(anonymous_6)","decl":{"start":{"line":13,"column":36},"end":{"line":13,"column":37}},"loc":{"start":{"line":13,"column":63},"end":{"line":18,"column":5}},"line":13},"7":{"name":"fulfilled","decl":{"start":{"line":14,"column":17},"end":{"line":14,"column":26}},"loc":{"start":{"line":14,"column":34},"end":{"line":14,"column":99}},"line":14},"8":{"name":"rejected","decl":{"start":{"line":15,"column":17},"end":{"line":15,"column":25}},"loc":{"start":{"line":15,"column":33},"end":{"line":15,"column":102}},"line":15},"9":{"name":"step","decl":{"start":{"line":16,"column":17},"end":{"line":16,"column":21}},"loc":{"start":{"line":16,"column":30},"end":{"line":16,"column":151}},"line":16},"10":{"name":"(anonymous_10)","decl":{"start":{"line":16,"column":76},"end":{"line":16,"column":77}},"loc":{"start":{"line":16,"column":95},"end":{"line":16,"column":121}},"line":16},"11":{"name":"(anonymous_11)","decl":{"start":{"line":20,"column":48},"end":{"line":20,"column":49}},"loc":{"start":{"line":20,"column":73},"end":{"line":46,"column":1}},"line":20},"12":{"name":"(anonymous_12)","decl":{"start":{"line":21,"column":30},"end":{"line":21,"column":31}},"loc":{"start":{"line":21,"column":41},"end":{"line":21,"column":83}},"line":21},"13":{"name":"(anonymous_13)","decl":{"start":{"line":22,"column":125},"end":{"line":22,"column":126}},"loc":{"start":{"line":22,"column":136},"end":{"line":22,"column":152}},"line":22},"14":{"name":"verb","decl":{"start":{"line":23,"column":13},"end":{"line":23,"column":17}},"loc":{"start":{"line":23,"column":21},"end":{"line":23,"column":70}},"line":23},"15":{"name":"(anonymous_15)","decl":{"start":{"line":23,"column":30},"end":{"line":23,"column":31}},"loc":{"start":{"line":23,"column":43},"end":{"line":23,"column":67}},"line":23},"16":{"name":"step","decl":{"start":{"line":24,"column":13},"end":{"line":24,"column":17}},"loc":{"start":{"line":24,"column":22},"end":{"line":45,"column":5}},"line":24},"17":{"name":"(anonymous_17)","decl":{"start":{"line":54,"column":40},"end":{"line":54,"column":41}},"loc":{"start":{"line":54,"column":58},"end":{"line":143,"column":1}},"line":54},"18":{"name":"GreetingController","decl":{"start":{"line":56,"column":13},"end":{"line":56,"column":31}},"loc":{"start":{"line":56,"column":39},"end":{"line":63,"column":5}},"line":56},"19":{"name":"(anonymous_19)","decl":{"start":{"line":64,"column":42},"end":{"line":64,"column":43}},"loc":{"start":{"line":64,"column":54},"end":{"line":68,"column":5}},"line":64},"20":{"name":"(anonymous_20)","decl":{"start":{"line":67,"column":150},"end":{"line":67,"column":151}},"loc":{"start":{"line":67,"column":162},"end":{"line":67,"column":211}},"line":67},"21":{"name":"(anonymous_21)","decl":{"start":{"line":67,"column":275},"end":{"line":67,"column":276}},"loc":{"start":{"line":67,"column":295},"end":{"line":67,"column":335}},"line":67},"22":{"name":"(anonymous_22)","decl":{"start":{"line":69,"column":53},"end":{"line":69,"column":54}},"loc":{"start":{"line":69,"column":65},"end":{"line":71,"column":5}},"line":69},"23":{"name":"(anonymous_23)","decl":{"start":{"line":72,"column":49},"end":{"line":72,"column":50}},"loc":{"start":{"line":72,"column":61},"end":{"line":99,"column":5}},"line":72},"24":{"name":"(anonymous_24)","decl":{"start":{"line":73,"column":47},"end":{"line":73,"column":48}},"loc":{"start":{"line":73,"column":59},"end":{"line":98,"column":9}},"line":73},"25":{"name":"(anonymous_25)","decl":{"start":{"line":75,"column":37},"end":{"line":75,"column":38}},"loc":{"start":{"line":75,"column":51},"end":{"line":97,"column":13}},"line":75},"26":{"name":"(anonymous_26)","decl":{"start":{"line":100,"column":48},"end":{"line":100,"column":49}},"loc":{"start":{"line":100,"column":77},"end":{"line":141,"column":5}},"line":100},"27":{"name":"(anonymous_27)","decl":{"start":{"line":101,"column":47},"end":{"line":101,"column":48}},"loc":{"start":{"line":101,"column":59},"end":{"line":140,"column":9}},"line":101},"28":{"name":"(anonymous_28)","decl":{"start":{"line":103,"column":37},"end":{"line":103,"column":38}},"loc":{"start":{"line":103,"column":51},"end":{"line":139,"column":13}},"line":103}},"branchMap":{"0":{"loc":{"start":{"line":2,"column":16},"end":{"line":11,"column":4}},"type":"binary-expr","locations":[{"start":{"line":2,"column":17},"end":{"line":2,"column":21}},{"start":{"line":2,"column":25},"end":{"line":2,"column":39}},{"start":{"line":2,"column":44},"end":{"line":11,"column":4}}],"line":2},"1":{"loc":{"start":{"line":3,"column":24},"end":{"line":5,"column":82}},"type":"binary-expr","locations":[{"start":{"line":3,"column":24},"end":{"line":3,"column":45}},{"start":{"line":4,"column":9},"end":{"line":4,"column":43}},{"start":{"line":4,"column":47},"end":{"line":4,"column":83}},{"start":{"line":5,"column":8},"end":{"line":5,"column":82}}],"line":3},"2":{"loc":{"start":{"line":5,"column":43},"end":{"line":5,"column":80}},"type":"if","locations":[{"start":{"line":5,"column":43},"end":{"line":5,"column":80}},{"start":{"line":5,"column":43},"end":{"line":5,"column":80}}],"line":5},"3":{"loc":{"start":{"line":9,"column":22},"end":{"line":9,"column":92}},"type":"cond-expr","locations":[{"start":{"line":9,"column":35},"end":{"line":9,"column":51}},{"start":{"line":9,"column":55},"end":{"line":9,"column":91}}],"line":9},"4":{"loc":{"start":{"line":12,"column":16},"end":{"line":19,"column":1}},"type":"binary-expr","locations":[{"start":{"line":12,"column":17},"end":{"line":12,"column":21}},{"start":{"line":12,"column":25},"end":{"line":12,"column":39}},{"start":{"line":12,"column":44},"end":{"line":19,"column":1}}],"line":12},"5":{"loc":{"start":{"line":13,"column":16},"end":{"line":13,"column":34}},"type":"binary-expr","locations":[{"start":{"line":13,"column":16},"end":{"line":13,"column":17}},{"start":{"line":13,"column":22},"end":{"line":13,"column":33}}],"line":13},"6":{"loc":{"start":{"line":16,"column":32},"end":{"line":16,"column":148}},"type":"cond-expr","locations":[{"start":{"line":16,"column":46},"end":{"line":16,"column":67}},{"start":{"line":16,"column":70},"end":{"line":16,"column":148}}],"line":16},"7":{"loc":{"start":{"line":17,"column":51},"end":{"line":17,"column":67}},"type":"binary-expr","locations":[{"start":{"line":17,"column":51},"end":{"line":17,"column":61}},{"start":{"line":17,"column":65},"end":{"line":17,"column":67}}],"line":17},"8":{"loc":{"start":{"line":20,"column":18},"end":{"line":46,"column":1}},"type":"binary-expr","locations":[{"start":{"line":20,"column":19},"end":{"line":20,"column":23}},{"start":{"line":20,"column":27},"end":{"line":20,"column":43}},{"start":{"line":20,"column":48},"end":{"line":46,"column":1}}],"line":20},"9":{"loc":{"start":{"line":21,"column":43},"end":{"line":21,"column":68}},"type":"if","locations":[{"start":{"line":21,"column":43},"end":{"line":21,"column":68}},{"start":{"line":21,"column":43},"end":{"line":21,"column":68}}],"line":21},"10":{"loc":{"start":{"line":22,"column":71},"end":{"line":22,"column":153}},"type":"binary-expr","locations":[{"start":{"line":22,"column":71},"end":{"line":22,"column":99}},{"start":{"line":22,"column":104},"end":{"line":22,"column":152}}],"line":22},"11":{"loc":{"start":{"line":25,"column":8},"end":{"line":25,"column":70}},"type":"if","locations":[{"start":{"line":25,"column":8},"end":{"line":25,"column":70}},{"start":{"line":25,"column":8},"end":{"line":25,"column":70}}],"line":25},"12":{"loc":{"start":{"line":27,"column":12},"end":{"line":27,"column":127}},"type":"if","locations":[{"start":{"line":27,"column":12},"end":{"line":27,"column":127}},{"start":{"line":27,"column":12},"end":{"line":27,"column":127}}],"line":27},"13":{"loc":{"start":{"line":27,"column":23},"end":{"line":27,"column":116}},"type":"binary-expr","locations":[{"start":{"line":27,"column":23},"end":{"line":27,"column":24}},{"start":{"line":27,"column":29},"end":{"line":27,"column":83}},{"start":{"line":27,"column":88},"end":{"line":27,"column":116}}],"line":27},"14":{"loc":{"start":{"line":27,"column":35},"end":{"line":27,"column":82}},"type":"cond-expr","locations":[{"start":{"line":27,"column":47},"end":{"line":27,"column":55}},{"start":{"line":27,"column":58},"end":{"line":27,"column":82}}],"line":27},"15":{"loc":{"start":{"line":27,"column":58},"end":{"line":27,"column":82}},"type":"cond-expr","locations":[{"start":{"line":27,"column":66},"end":{"line":27,"column":73}},{"start":{"line":27,"column":76},"end":{"line":27,"column":82}}],"line":27},"16":{"loc":{"start":{"line":28,"column":12},"end":{"line":28,"column":44}},"type":"if","locations":[{"start":{"line":28,"column":12},"end":{"line":28,"column":44}},{"start":{"line":28,"column":12},"end":{"line":28,"column":44}}],"line":28},"17":{"loc":{"start":{"line":29,"column":12},"end":{"line":41,"column":13}},"type":"switch","locations":[{"start":{"line":30,"column":16},"end":{"line":30,"column":23}},{"start":{"line":30,"column":24},"end":{"line":30,"column":46}},{"start":{"line":31,"column":16},"end":{"line":31,"column":72}},{"start":{"line":32,"column":16},"end":{"line":32,"column":65}},{"start":{"line":33,"column":16},"end":{"line":33,"column":65}},{"start":{"line":34,"column":16},"end":{"line":40,"column":43}}],"line":29},"18":{"loc":{"start":{"line":35,"column":20},"end":{"line":35,"column":128}},"type":"if","locations":[{"start":{"line":35,"column":20},"end":{"line":35,"column":128}},{"start":{"line":35,"column":20},"end":{"line":35,"column":128}}],"line":35},"19":{"loc":{"start":{"line":35,"column":24},"end":{"line":35,"column":106}},"type":"binary-expr","locations":[{"start":{"line":35,"column":24},"end":{"line":35,"column":74}},{"start":{"line":35,"column":79},"end":{"line":35,"column":90}},{"start":{"line":35,"column":94},"end":{"line":35,"column":105}}],"line":35},"20":{"loc":{"start":{"line":35,"column":42},"end":{"line":35,"column":73}},"type":"binary-expr","locations":[{"start":{"line":35,"column":42},"end":{"line":35,"column":54}},{"start":{"line":35,"column":58},"end":{"line":35,"column":73}}],"line":35},"21":{"loc":{"start":{"line":36,"column":20},"end":{"line":36,"column":106}},"type":"if","locations":[{"start":{"line":36,"column":20},"end":{"line":36,"column":106}},{"start":{"line":36,"column":20},"end":{"line":36,"column":106}}],"line":36},"22":{"loc":{"start":{"line":36,"column":24},"end":{"line":36,"column":77}},"type":"binary-expr","locations":[{"start":{"line":36,"column":24},"end":{"line":36,"column":35}},{"start":{"line":36,"column":40},"end":{"line":36,"column":42}},{"start":{"line":36,"column":47},"end":{"line":36,"column":59}},{"start":{"line":36,"column":63},"end":{"line":36,"column":75}}],"line":36},"23":{"loc":{"start":{"line":37,"column":20},"end":{"line":37,"column":89}},"type":"if","locations":[{"start":{"line":37,"column":20},"end":{"line":37,"column":89}},{"start":{"line":37,"column":20},"end":{"line":37,"column":89}}],"line":37},"24":{"loc":{"start":{"line":37,"column":24},"end":{"line":37,"column":53}},"type":"binary-expr","locations":[{"start":{"line":37,"column":24},"end":{"line":37,"column":35}},{"start":{"line":37,"column":39},"end":{"line":37,"column":53}}],"line":37},"25":{"loc":{"start":{"line":38,"column":20},"end":{"line":38,"column":87}},"type":"if","locations":[{"start":{"line":38,"column":20},"end":{"line":38,"column":87}},{"start":{"line":38,"column":20},"end":{"line":38,"column":87}}],"line":38},"26":{"loc":{"start":{"line":38,"column":24},"end":{"line":38,"column":43}},"type":"binary-expr","locations":[{"start":{"line":38,"column":24},"end":{"line":38,"column":25}},{"start":{"line":38,"column":29},"end":{"line":38,"column":43}}],"line":38},"27":{"loc":{"start":{"line":39,"column":20},"end":{"line":39,"column":42}},"type":"if","locations":[{"start":{"line":39,"column":20},"end":{"line":39,"column":42}},{"start":{"line":39,"column":20},"end":{"line":39,"column":42}}],"line":39},"28":{"loc":{"start":{"line":44,"column":8},"end":{"line":44,"column":35}},"type":"if","locations":[{"start":{"line":44,"column":8},"end":{"line":44,"column":35}},{"start":{"line":44,"column":8},"end":{"line":44,"column":35}}],"line":44},"29":{"loc":{"start":{"line":44,"column":52},"end":{"line":44,"column":74}},"type":"cond-expr","locations":[{"start":{"line":44,"column":60},"end":{"line":44,"column":65}},{"start":{"line":44,"column":68},"end":{"line":44,"column":74}}],"line":44},"30":{"loc":{"start":{"line":57,"column":20},"end":{"line":57,"column":52}},"type":"binary-expr","locations":[{"start":{"line":57,"column":20},"end":{"line":57,"column":44}},{"start":{"line":57,"column":48},"end":{"line":57,"column":52}}],"line":57},"31":{"loc":{"start":{"line":67,"column":49},"end":{"line":67,"column":339}},"type":"cond-expr","locations":[{"start":{"line":67,"column":73},"end":{"line":67,"column":214}},{"start":{"line":67,"column":219},"end":{"line":67,"column":338}}],"line":67},"32":{"loc":{"start":{"line":76,"column":16},"end":{"line":96,"column":17}},"type":"switch","locations":[{"start":{"line":77,"column":20},"end":{"line":79,"column":37}},{"start":{"line":80,"column":20},"end":{"line":82,"column":65}},{"start":{"line":83,"column":20},"end":{"line":85,"column":62}},{"start":{"line":86,"column":20},"end":{"line":88,"column":48}},{"start":{"line":89,"column":20},"end":{"line":92,"column":46}},{"start":{"line":93,"column":20},"end":{"line":95,"column":46}}],"line":76},"33":{"loc":{"start":{"line":104,"column":16},"end":{"line":138,"column":17}},"type":"switch","locations":[{"start":{"line":105,"column":20},"end":{"line":114,"column":32}},{"start":{"line":115,"column":20},"end":{"line":120,"column":62}},{"start":{"line":121,"column":20},"end":{"line":123,"column":48}},{"start":{"line":124,"column":20},"end":{"line":127,"column":48}},{"start":{"line":128,"column":20},"end":{"line":137,"column":46}}],"line":104},"34":{"loc":{"start":{"line":117,"column":24},"end":{"line":119,"column":25}},"type":"if","locations":[{"start":{"line":117,"column":24},"end":{"line":119,"column":25}},{"start":{"line":117,"column":24},"end":{"line":119,"column":25}}],"line":117}},"s":{"0":1,"1":1,"2":0,"3":0,"4":0,"5":0,"6":1,"7":1,"8":1,"9":1,"10":1,"11":2,"12":4,"13":4,"14":0,"15":0,"16":0,"17":0,"18":6,"19":4,"20":2,"21":1,"22":2,"23":4,"24":0,"25":4,"26":2,"27":0,"28":6,"29":6,"30":6,"31":0,"32":6,"33":16,"34":16,"35":0,"36":16,"37":0,"38":16,"39":6,"40":6,"41":4,"42":4,"43":0,"44":0,"45":0,"46":0,"47":0,"48":0,"49":0,"50":6,"51":2,"52":2,"53":4,"54":2,"55":2,"56":2,"57":0,"58":0,"59":0,"60":2,"61":0,"62":0,"63":0,"64":2,"65":0,"66":2,"67":2,"68":8,"69":0,"70":0,"71":16,"72":2,"73":0,"74":2,"75":1,"76":1,"77":1,"78":1,"79":1,"80":1,"81":1,"82":1,"83":1,"84":2,"85":2,"86":2,"87":1,"88":5,"89":5,"90":5,"91":5,"92":5,"93":1,"94":0,"95":1,"96":2,"97":1,"98":2,"99":2,"100":8,"101":2,"102":2,"103":2,"104":2,"105":2,"106":2,"107":2,"108":2,"109":0,"110":0,"111":0,"112":2,"113":2,"114":1,"115":0,"116":0,"117":0,"118":0,"119":0,"120":0,"121":0,"122":0,"123":0,"124":0,"125":0,"126":0,"127":0,"128":0,"129":0,"130":0,"131":0,"132":1,"133":1},"f":{"0":1,"1":0,"2":0,"3":1,"4":1,"5":2,"6":2,"7":4,"8":0,"9":6,"10":4,"11":2,"12":4,"13":0,"14":6,"15":6,"16":6,"17":1,"18":2,"19":5,"20":1,"21":0,"22":2,"23":2,"24":2,"25":8,"26":0,"27":0,"28":0},"b":{"0":[1,1,1],"1":[1,0,0,0],"2":[0,0],"3":[0,1],"4":[1,1,1],"5":[2,2],"6":[2,4],"7":[2,2],"8":[1,1,1],"9":[0,4],"10":[2,2],"11":[0,6],"12":[0,16],"13":[16,0,0],"14":[0,0],"15":[0,0],"16":[0,16],"17":[6,6,4,0,0,6],"18":[2,4],"19":[6,4,4],"20":[6,2],"21":[2,2],"22":[4,4,2,2],"23":[0,2],"24":[2,0],"25":[0,2],"26":[2,2],"27":[0,2],"28":[0,2],"29":[2,0],"30":[2,2],"31":[4,1],"32":[2,2,2,2,0,2],"33":[0,0,0,0,0],"34":[0,0]},"inputSourceMap":{"version":3,"file":"GreetingController.js","sourceRoot":"","sources":["GreetingController.tsx"],"names":[],"mappings":";;;;;;;;;;;;;;;;;;;;;;;;;;;;;;;;;;;;;;;;;;;;;;;AAAA,6BAA+B;AAE/B,mDAA8C;AAC9C,mDAA8C;AAG9C,IAAM,WAAW,GAAG,iCAAiC,CAAC;AACtD,IAAM,WAAW,GAAG,aAAa,CAAC;AAClC,IAAM,WAAW,GAAG,aAAa,CAAC;AASlC;IAAgD,sCAAiE;IAc/G,4BAAY,KAA8B;QAA1C,YACE,kBAAM,KAAK,CAAC,SAKb;QAJC,KAAI,CAAC,KAAK,GAAG;YACX,SAAS,EAAE,EAAE;YACb,IAAI,EAAE,WAAW;SAClB,CAAC;;IACJ,CAAC;IAnBD,mCAAM,GAAN;QAAA,iBAWC;QAVO,IAAA,eAAgC,EAA9B,cAAI,EAAE,wBAAS,CAAgB;QACvC,MAAM,CAAC,CACL,iCACG,IAAI,KAAK,WAAW,CAAC,CAAC,CAAC,CACtB,oBAAC,wBAAc,IAAC,SAAS,EAAE,SAAS,EAAE,KAAK,EAAE,cAAM,OAAA,KAAI,CAAC,QAAQ,CAAC,EAAE,IAAI,EAAE,WAAW,EAAE,CAAC,EAApC,CAAoC,GAAI,CAC5F,CAAC,CAAC,CAAC,CACF,oBAAC,wBAAc,IAAC,MAAM,EAAE,UAAA,QAAQ,IAAI,OAAA,KAAI,CAAC,YAAY,CAAC,QAAQ,CAAC,EAA3B,CAA2B,GAAI,CACpE,CACG,CACP,CAAC;IACJ,CAAC;IAUD,8CAAiB,GAAjB;QACE,IAAI,CAAC,aAAa,EAAE,CAAC;IACvB,CAAC;IAEK,0CAAa,GAAnB;;;;;;wBACM,SAAS,GAAG,IAAI,CAAC;;;;wBAEF,qBAAM,KAAK,CAAC,WAAW,CAAC,EAAA;;wBAAnC,QAAQ,GAAG,SAAwB;wBAC7B,qBAAM,QAAQ,CAAC,IAAI,EAAE,EAAA;;wBAAjC,SAAS,GAAG,SAAqB,CAAC;;;;wBAElC,OAAO,CAAC,KAAK,CAAC,2BAA2B,EAAE,KAAG,CAAC,CAAC;wBAChD,sBAAO;;wBAGT,IAAI,CAAC,QAAQ,CAAC,EAAE,SAAS,WAAA,EAAE,CAAC,CAAC;;;;;KAC9B;IAEK,yCAAY,GAAlB,UAAmB,iBAA8B;;;;;;;wBAG5B,qBAAM,KAAK,CAAC,WAAW,EAAE;gCACxC,MAAM,EAAE,MAAM;gCACd,OAAO,EAAE;oCACP,MAAM,EAAE,kBAAkB;oCAC1B,cAAc,EAAE,kBAAkB;iCACnC;gCACD,IAAI,EAAE,IAAI,CAAC,SAAS,CAAC,iBAAiB,CAAC;6BACxC,CAAC,EAAA;;wBAPI,QAAQ,GAAG,SAOf;wBACF,EAAE,CAAC,CAAC,QAAQ,CAAC,MAAM,KAAK,GAAG,CAAC,CAAC,CAAC;4BAC5B,MAAM,IAAI,KAAK,CAAC,uBAAuB,GAAG,QAAQ,CAAC,MAAM,CAAC,CAAC;wBAC7D,CAAC;wBACa,qBAAM,QAAQ,CAAC,IAAI,EAAE,EAAA;;wBAAnC,WAAW,GAAG,SAAqB,CAAC;;;;wBAEpC,OAAO,CAAC,KAAK,CAAC,2BAA2B,EAAE,KAAG,CAAC,CAAC;;;wBAK5C,YAAY,GAAO,IAAI,CAAC,KAAK,CAAC,SAAS,SAAE,WAAW,EAAC,CAAC;wBAE5D,iDAAiD;wBACjD,yDAAyD;wBACzD,gBAAgB;wBAChB,IAAI,CAAC,QAAQ,CAAC;4BACZ,SAAS,EAAE,YAAY;4BACvB,IAAI,EAAE,WAAW;yBAClB,CAAC,CAAC;;;;;KACJ;IACH,yBAAC;AAAD,CAAC,AAtED,CAAgD,KAAK,CAAC,SAAS,GAsE9D","sourcesContent":["import * as React from \"react\";\n\nimport GreetingMaster from \"./GreetingMaster\";\nimport GreetingDetail from \"./GreetingDetail\";\nimport { Greeting, NewGreeting } from \"./types\";\n\nconst BACKEND_URL = \"http://localhost:7000/greetings\";\nconst MODE_MASTER = \"MODE_MASTER\";\nconst MODE_DETAIL = \"MODE_DETAIL\";\n\ntype GreetingControllerProps = {};\n\ntype GreetingControllerState = {\n  mode: typeof MODE_MASTER | typeof MODE_DETAIL;\n  greetings: Greeting[];\n};\n\nexport default class GreetingController extends React.Component<GreetingControllerProps, GreetingControllerState> {\n  render() {\n    const { mode, greetings } = this.state;\n    return (\n      <div>\n        {mode === MODE_MASTER ? (\n          <GreetingMaster greetings={greetings} onAdd={() => this.setState({ mode: MODE_DETAIL })} />\n        ) : (\n          <GreetingDetail onSave={greeting => this.saveGreeting(greeting)} />\n        )}\n      </div>\n    );\n  }\n\n  constructor(props: GreetingControllerProps) {\n    super(props);\n    this.state = {\n      greetings: [],\n      mode: MODE_MASTER\n    };\n  }\n\n  componentDidMount() {\n    this.loadGreetings();\n  }\n\n  async loadGreetings() {\n    let greetings = null;\n    try {\n      const response = await fetch(BACKEND_URL);\n      greetings = await response.json();\n    } catch (err) {\n      console.error(\"LOADING GREETINGS FAILED:\", err);\n      return;\n    }\n\n    this.setState({ greetings });\n  }\n\n  async saveGreeting(greetingToBeAdded: NewGreeting) {\n    let newGreeting;\n    try {\n      const response = await fetch(BACKEND_URL, {\n        method: \"POST\",\n        headers: {\n          Accept: \"application/json\",\n          \"Content-Type\": \"application/json\"\n        },\n        body: JSON.stringify(greetingToBeAdded)\n      });\n      if (response.status !== 201) {\n        throw new Error(\"Invalid status code: \" + response.status);\n      }\n      newGreeting = await response.json();\n    } catch (err) {\n      console.error(\"LOADING GREETINGS FAILED:\", err);\n    }\n    // add the new greetings to the list of all greetings\n    // (create a new array for immutability)\n\n    const newGreetings = [...this.state.greetings, newGreeting];\n\n    // set the new list of greetings as our new state\n    // also set 'MODE_MASTER' to make sure the master-View is\n    // displayed now\n    this.setState({\n      greetings: newGreetings,\n      mode: MODE_MASTER\n    });\n  }\n}\n"]},"_coverageSchema":"332fd63041d2c1bcb487cc26dd0d5f7d97098a6c","hash":"371d72e4d0fc642c5525fa7129238942114f5d70"}
,"/Users/nils/develop/javascript/react-workshop/code/schritte/5-typescript/src/GreetingDetail.tsx": {"path":"/Users/nils/develop/javascript/react-workshop/code/schritte/5-typescript/src/GreetingDetail.tsx","statementMap":{"0":{"start":{"line":2,"column":16},"end":{"line":11,"column":4}},"1":{"start":{"line":3,"column":24},"end":{"line":5,"column":82}},"2":{"start":{"line":4,"column":65},"end":{"line":4,"column":81}},"3":{"start":{"line":5,"column":26},"end":{"line":5,"column":80}},"4":{"start":{"line":5,"column":43},"end":{"line":5,"column":80}},"5":{"start":{"line":5,"column":68},"end":{"line":5,"column":80}},"6":{"start":{"line":6,"column":4},"end":{"line":10,"column":6}},"7":{"start":{"line":7,"column":8},"end":{"line":7,"column":28}},"8":{"start":{"line":8,"column":24},"end":{"line":8,"column":45}},"9":{"start":{"line":9,"column":8},"end":{"line":9,"column":93}},"10":{"start":{"line":12,"column":0},"end":{"line":12,"column":62}},"11":{"start":{"line":13,"column":12},"end":{"line":13,"column":28}},"12":{"start":{"line":16,"column":36},"end":{"line":56,"column":18}},"13":{"start":{"line":17,"column":4},"end":{"line":17,"column":38}},"14":{"start":{"line":19,"column":20},"end":{"line":19,"column":52}},"15":{"start":{"line":20,"column":17},"end":{"line":20,"column":67}},"16":{"start":{"line":20,"column":76},"end":{"line":20,"column":83}},"17":{"start":{"line":20,"column":96},"end":{"line":20,"column":107}},"18":{"start":{"line":21,"column":8},"end":{"line":24,"column":10}},"19":{"start":{"line":25,"column":8},"end":{"line":25,"column":21}},"20":{"start":{"line":27,"column":4},"end":{"line":36,"column":6}},"21":{"start":{"line":28,"column":20},"end":{"line":28,"column":24}},"22":{"start":{"line":29,"column":17},"end":{"line":29,"column":27}},"23":{"start":{"line":29,"column":36},"end":{"line":29,"column":43}},"24":{"start":{"line":29,"column":56},"end":{"line":29,"column":67}},"25":{"start":{"line":30,"column":27},"end":{"line":30,"column":46}},"26":{"start":{"line":31,"column":8},"end":{"line":35,"column":127}},"27":{"start":{"line":32,"column":67},"end":{"line":32,"column":96}},"28":{"start":{"line":32,"column":129},"end":{"line":32,"column":161}},"29":{"start":{"line":33,"column":72},"end":{"line":33,"column":104}},"30":{"start":{"line":34,"column":67},"end":{"line":34,"column":88}},"31":{"start":{"line":35,"column":91},"end":{"line":35,"column":111}},"32":{"start":{"line":37,"column":4},"end":{"line":42,"column":6}},"33":{"start":{"line":38,"column":8},"end":{"line":38,"column":50}},"34":{"start":{"line":39,"column":8},"end":{"line":41,"column":9}},"35":{"start":{"line":40,"column":12},"end":{"line":40,"column":31}},"36":{"start":{"line":43,"column":4},"end":{"line":50,"column":6}},"37":{"start":{"line":44,"column":21},"end":{"line":44,"column":38}},"38":{"start":{"line":45,"column":17},"end":{"line":45,"column":27}},"39":{"start":{"line":45,"column":36},"end":{"line":45,"column":43}},"40":{"start":{"line":45,"column":56},"end":{"line":45,"column":67}},"41":{"start":{"line":46,"column":8},"end":{"line":49,"column":11}},"42":{"start":{"line":51,"column":4},"end":{"line":54,"column":6}},"43":{"start":{"line":52,"column":8},"end":{"line":52,"column":95}},"44":{"start":{"line":55,"column":4},"end":{"line":55,"column":26}},"45":{"start":{"line":57,"column":0},"end":{"line":57,"column":33}}},"fnMap":{"0":{"name":"(anonymous_0)","decl":{"start":{"line":2,"column":45},"end":{"line":2,"column":46}},"loc":{"start":{"line":2,"column":57},"end":{"line":11,"column":1}},"line":2},"1":{"name":"(anonymous_1)","decl":{"start":{"line":4,"column":47},"end":{"line":4,"column":48}},"loc":{"start":{"line":4,"column":63},"end":{"line":4,"column":83}},"line":4},"2":{"name":"(anonymous_2)","decl":{"start":{"line":5,"column":8},"end":{"line":5,"column":9}},"loc":{"start":{"line":5,"column":24},"end":{"line":5,"column":82}},"line":5},"3":{"name":"(anonymous_3)","decl":{"start":{"line":6,"column":11},"end":{"line":6,"column":12}},"loc":{"start":{"line":6,"column":27},"end":{"line":10,"column":5}},"line":6},"4":{"name":"__","decl":{"start":{"line":8,"column":17},"end":{"line":8,"column":19}},"loc":{"start":{"line":8,"column":22},"end":{"line":8,"column":47}},"line":8},"5":{"name":"(anonymous_5)","decl":{"start":{"line":16,"column":36},"end":{"line":16,"column":37}},"loc":{"start":{"line":16,"column":54},"end":{"line":56,"column":1}},"line":16},"6":{"name":"GreetingDetail","decl":{"start":{"line":18,"column":13},"end":{"line":18,"column":27}},"loc":{"start":{"line":18,"column":35},"end":{"line":26,"column":5}},"line":18},"7":{"name":"(anonymous_7)","decl":{"start":{"line":27,"column":38},"end":{"line":27,"column":39}},"loc":{"start":{"line":27,"column":50},"end":{"line":36,"column":5}},"line":27},"8":{"name":"(anonymous_8)","decl":{"start":{"line":32,"column":48},"end":{"line":32,"column":49}},"loc":{"start":{"line":32,"column":65},"end":{"line":32,"column":98}},"line":32},"9":{"name":"(anonymous_9)","decl":{"start":{"line":32,"column":110},"end":{"line":32,"column":111}},"loc":{"start":{"line":32,"column":127},"end":{"line":32,"column":163}},"line":32},"10":{"name":"(anonymous_10)","decl":{"start":{"line":33,"column":53},"end":{"line":33,"column":54}},"loc":{"start":{"line":33,"column":70},"end":{"line":33,"column":106}},"line":33},"11":{"name":"(anonymous_11)","decl":{"start":{"line":34,"column":53},"end":{"line":34,"column":54}},"loc":{"start":{"line":34,"column":65},"end":{"line":34,"column":90}},"line":34},"12":{"name":"(anonymous_12)","decl":{"start":{"line":35,"column":77},"end":{"line":35,"column":78}},"loc":{"start":{"line":35,"column":89},"end":{"line":35,"column":113}},"line":35},"13":{"name":"(anonymous_13)","decl":{"start":{"line":37,"column":37},"end":{"line":37,"column":38}},"loc":{"start":{"line":37,"column":49},"end":{"line":42,"column":5}},"line":37},"14":{"name":"(anonymous_14)","decl":{"start":{"line":43,"column":36},"end":{"line":43,"column":37}},"loc":{"start":{"line":43,"column":48},"end":{"line":50,"column":5}},"line":43},"15":{"name":"(anonymous_15)","decl":{"start":{"line":51,"column":43},"end":{"line":51,"column":44}},"loc":{"start":{"line":51,"column":60},"end":{"line":54,"column":5}},"line":51}},"branchMap":{"0":{"loc":{"start":{"line":2,"column":16},"end":{"line":11,"column":4}},"type":"binary-expr","locations":[{"start":{"line":2,"column":17},"end":{"line":2,"column":21}},{"start":{"line":2,"column":25},"end":{"line":2,"column":39}},{"start":{"line":2,"column":44},"end":{"line":11,"column":4}}],"line":2},"1":{"loc":{"start":{"line":3,"column":24},"end":{"line":5,"column":82}},"type":"binary-expr","locations":[{"start":{"line":3,"column":24},"end":{"line":3,"column":45}},{"start":{"line":4,"column":9},"end":{"line":4,"column":43}},{"start":{"line":4,"column":47},"end":{"line":4,"column":83}},{"start":{"line":5,"column":8},"end":{"line":5,"column":82}}],"line":3},"2":{"loc":{"start":{"line":5,"column":43},"end":{"line":5,"column":80}},"type":"if","locations":[{"start":{"line":5,"column":43},"end":{"line":5,"column":80}},{"start":{"line":5,"column":43},"end":{"line":5,"column":80}}],"line":5},"3":{"loc":{"start":{"line":9,"column":22},"end":{"line":9,"column":92}},"type":"cond-expr","locations":[{"start":{"line":9,"column":35},"end":{"line":9,"column":51}},{"start":{"line":9,"column":55},"end":{"line":9,"column":91}}],"line":9},"4":{"loc":{"start":{"line":19,"column":20},"end":{"line":19,"column":52}},"type":"binary-expr","locations":[{"start":{"line":19,"column":20},"end":{"line":19,"column":44}},{"start":{"line":19,"column":48},"end":{"line":19,"column":52}}],"line":19},"5":{"loc":{"start":{"line":20,"column":17},"end":{"line":20,"column":67}},"type":"binary-expr","locations":[{"start":{"line":20,"column":17},"end":{"line":20,"column":37}},{"start":{"line":20,"column":41},"end":{"line":20,"column":67}}],"line":20},"6":{"loc":{"start":{"line":30,"column":29},"end":{"line":30,"column":45}},"type":"binary-expr","locations":[{"start":{"line":30,"column":29},"end":{"line":30,"column":33}},{"start":{"line":30,"column":37},"end":{"line":30,"column":45}}],"line":30},"7":{"loc":{"start":{"line":39,"column":8},"end":{"line":41,"column":9}},"type":"if","locations":[{"start":{"line":39,"column":8},"end":{"line":41,"column":9}},{"start":{"line":39,"column":8},"end":{"line":41,"column":9}}],"line":39}},"s":{"0":2,"1":2,"2":0,"3":0,"4":0,"5":0,"6":2,"7":2,"8":2,"9":2,"10":2,"11":2,"12":2,"13":2,"14":5,"15":5,"16":5,"17":5,"18":5,"19":5,"20":2,"21":14,"22":14,"23":14,"24":14,"25":14,"26":14,"27":2,"28":5,"29":3,"30":1,"31":1,"32":2,"33":1,"34":1,"35":0,"36":2,"37":1,"38":1,"39":1,"40":1,"41":1,"42":2,"43":8,"44":2,"45":2},"f":{"0":2,"1":0,"2":0,"3":2,"4":2,"5":2,"6":5,"7":14,"8":2,"9":5,"10":3,"11":1,"12":1,"13":1,"14":1,"15":8},"b":{"0":[2,2,2],"1":[2,0,0,0],"2":[0,0],"3":[0,2],"4":[5,5],"5":[5,5],"6":[14,6],"7":[0,1]},"inputSourceMap":{"version":3,"file":"GreetingDetail.js","sourceRoot":"","sources":["GreetingDetail.tsx"],"names":[],"mappings":";;;;;;;;;;;;AAAA,6BAA+B;AAM9B,CAAC;AAKD,CAAC;AAEF;IAA4C,kCAAyD;IAyBnG,wBAAY,KAA0B;QAAtC,YACE,kBAAM,KAAK,CAAC,SAMb;QALO,IAAA,uDAAsE,EAApE,cAAI,EAAE,sBAAQ,CAAuD;QAC7E,KAAI,CAAC,KAAK,GAAG;YACX,IAAI,MAAA;YACJ,QAAQ,UAAA;SACT,CAAC;;IACJ,CAAC;IA7BD,+BAAM,GAAN;QAAA,iBAoBC;QAnBO,IAAA,eAA+B,EAA7B,cAAI,EAAE,sBAAQ,CAAgB;QACtC,IAAM,YAAY,GAAG,CAAC,CAAC,IAAI,IAAI,QAAQ,CAAC,CAAC;QAEzC,MAAM,CAAC,CACL;YACE,+BACE,GAAG,EAAE,UAAA,KAAK,IAAI,OAAA,CAAC,KAAI,CAAC,KAAK,GAAG,KAAK,CAAC,EAApB,CAAoB,EAClC,QAAQ,EAAE,UAAA,KAAK,IAAI,OAAA,KAAI,CAAC,WAAW,CAAC,KAAK,CAAC,EAAvB,CAAuB,EAC1C,IAAI,EAAC,MAAM,EACX,KAAK,EAAE,IAAI,EACX,WAAW,EAAC,MAAM,GAClB;YACF,+BAAO,QAAQ,EAAE,UAAA,KAAK,IAAI,OAAA,KAAI,CAAC,WAAW,CAAC,KAAK,CAAC,EAAvB,CAAuB,EAAE,IAAI,EAAC,UAAU,EAAC,KAAK,EAAE,QAAQ,EAAE,WAAW,EAAC,UAAU,GAAG;YAC7G,gCAAQ,OAAO,EAAE,cAAM,OAAA,KAAI,CAAC,KAAK,EAAE,EAAZ,CAAY,YAAgB;YACnD,gCAAQ,QAAQ,EAAE,YAAY,EAAE,OAAO,EAAE,cAAM,OAAA,KAAI,CAAC,IAAI,EAAE,EAAX,CAAW,WAEjD,CACL,CACP,CAAC;IACJ,CAAC;IAWD,8BAAK,GAAL;QACE,IAAI,CAAC,QAAQ,CAAC,EAAE,IAAI,EAAE,EAAE,EAAE,QAAQ,EAAE,EAAE,EAAE,CAAC,CAAC;QAC1C,EAAE,CAAC,CAAC,IAAI,CAAC,KAAK,CAAC,CAAC,CAAC;YACf,IAAI,CAAC,KAAK,CAAC,KAAK,EAAE,CAAC;QACrB,CAAC;IACH,CAAC;IAED,6BAAI,GAAJ;QACU,IAAA,0BAAM,CAAgB;QACxB,IAAA,eAA+B,EAA7B,cAAI,EAAE,sBAAQ,CAAgB;QACtC,MAAM,CAAC;YACL,IAAI,MAAA;YACJ,QAAQ,UAAA;SACT,CAAC,CAAC;IACL,CAAC;IAED,oCAAW,GAAX,UAAY,KAA6C;QACvD,IAAI,CAAC,QAAQ,WAAG,GAAC,KAAK,CAAC,aAAa,CAAC,IAAW,IAAG,KAAK,CAAC,aAAa,CAAC,KAAK,MAAG,CAAC;;IAClF,CAAC;IACH,qBAAC;AAAD,CAAC,AArDD,CAA4C,KAAK,CAAC,SAAS,GAqD1D","sourcesContent":["import * as React from \"react\";\nimport { Greeting, NewGreeting } from \"./types\";\n\ninterface GreetingDetailProps  {\n  greeting?: Greeting;\n  onSave: (newGreeting: NewGreeting) => void;\n};\n\ninterface GreetingDetailState {\n  name: string;\n  greeting: string;\n};\n\nexport default class GreetingDetail extends React.Component<GreetingDetailProps, GreetingDetailState> {\n  input?: HTMLInputElement | null;\n\n  render() {\n    const { name, greeting } = this.state;\n    const saveDisabled = !(name && greeting);\n\n    return (\n      <div>\n        <input\n          ref={input => (this.input = input)}\n          onChange={event => this.updateModel(event)}\n          name=\"name\"\n          value={name}\n          placeholder=\"Name\"\n        />\n        <input onChange={event => this.updateModel(event)} name=\"greeting\" value={greeting} placeholder=\"Greeting\" />\n        <button onClick={() => this.reset()}>Clear</button>\n        <button disabled={saveDisabled} onClick={() => this.save()}>\n          Save\n        </button>\n      </div>\n    );\n  }\n\n  constructor(props: GreetingDetailProps) {\n    super(props);\n    const { name, greeting } = this.props.greeting || { name: \"\", greeting: \"\" };\n    this.state = {\n      name,\n      greeting\n    };\n  }\n\n  reset() {\n    this.setState({ name: \"\", greeting: \"\" });\n    if (this.input) {\n      this.input.focus();\n    }\n  }\n\n  save() {\n    const { onSave } = this.props;\n    const { name, greeting } = this.state;\n    onSave({\n      name,\n      greeting\n    });\n  }\n\n  updateModel(event: React.SyntheticEvent<HTMLInputElement>) {\n    this.setState({ [event.currentTarget.name as any]: event.currentTarget.value });\n  }\n}\n"]},"_coverageSchema":"332fd63041d2c1bcb487cc26dd0d5f7d97098a6c","hash":"9b3bcf5ab16a3f4a707cf588bc1385a599567f6b"}
,"/Users/nils/develop/javascript/react-workshop/code/schritte/5-typescript/src/GreetingMaster.tsx": {"path":"/Users/nils/develop/javascript/react-workshop/code/schritte/5-typescript/src/GreetingMaster.tsx","statementMap":{"0":{"start":{"line":2,"column":0},"end":{"line":2,"column":62}},"1":{"start":{"line":3,"column":12},"end":{"line":3,"column":28}},"2":{"start":{"line":4,"column":21},"end":{"line":17,"column":1}},"3":{"start":{"line":5,"column":20},"end":{"line":5,"column":35}},"4":{"start":{"line":5,"column":45},"end":{"line":5,"column":56}},"5":{"start":{"line":6,"column":15},"end":{"line":8,"column":64}},"6":{"start":{"line":6,"column":51},"end":{"line":8,"column":61}},"7":{"start":{"line":9,"column":4},"end":{"line":16,"column":67}},"8":{"start":{"line":18,"column":0},"end":{"line":18,"column":33}}},"fnMap":{"0":{"name":"(anonymous_0)","decl":{"start":{"line":4,"column":21},"end":{"line":4,"column":22}},"loc":{"start":{"line":4,"column":38},"end":{"line":17,"column":1}},"line":4},"1":{"name":"(anonymous_1)","decl":{"start":{"line":6,"column":29},"end":{"line":6,"column":30}},"loc":{"start":{"line":6,"column":49},"end":{"line":8,"column":63}},"line":6}},"branchMap":{},"s":{"0":2,"1":2,"2":2,"3":6,"4":6,"5":6,"6":8,"7":6,"8":2},"f":{"0":6,"1":8},"b":{},"inputSourceMap":{"version":3,"file":"GreetingMaster.js","sourceRoot":"","sources":["GreetingMaster.tsx"],"names":[],"mappings":";;AAAA,6BAA+B;AAQ/B,IAAM,cAAc,GAAG,UAAC,KAA0B;IACxC,IAAA,2BAAS,EAAE,mBAAK,CAAW;IACnC,IAAM,IAAI,GAAG,SAAS,CAAC,GAAG,CAAC,UAAA,QAAQ,IAAI,OAAA,CACrC,4BAAI,GAAG,EAAE,QAAQ,CAAC,EAAE;QAClB,gCAAK,QAAQ,CAAC,IAAI,CAAM;QACxB,gCAAK,QAAQ,CAAC,QAAQ,CAAM,CACzB,CACN,EALsC,CAKtC,CAAC,CAAC;IACH,MAAM,CAAC,CACL;QACE;YACE;gBACE;oBACE,uCAAa;oBACb,2CAAiB,CACd,CACC;YACR,mCAAQ,IAAI,CAAS,CACf;QACR,gCAAQ,OAAO,EAAE,KAAK,UAAc,CAChC,CACP,CAAC;AACJ,CAAC,CAAC;AAEF,kBAAe,cAAc,CAAC","sourcesContent":["import * as React from \"react\";\nimport { Greeting } from \"./types\";\n\ntype GreetingMasterProps = {\n  greetings: Greeting[];\n  onAdd: () => void;\n};\n\nconst GreetingMaster = (props: GreetingMasterProps) => {\n  const { greetings, onAdd } = props;\n  const body = greetings.map(greeting => (\n    <tr key={greeting.id}>\n      <td>{greeting.name}</td>\n      <td>{greeting.greeting}</td>\n    </tr>\n  ));\n  return (\n    <div>\n      <table>\n        <thead>\n          <tr>\n            <th>Name</th>\n            <th>Greeting</th>\n          </tr>\n        </thead>\n        <tbody>{body}</tbody>\n      </table>\n      <button onClick={onAdd}>Add</button>\n    </div>\n  );\n};\n\nexport default GreetingMaster;\n"]},"_coverageSchema":"332fd63041d2c1bcb487cc26dd0d5f7d97098a6c","hash":"c37eef1b65104bdbe38f638a569866c83c452dc9"}
,"/Users/nils/develop/javascript/react-workshop/code/schritte/5-typescript/test/setup-jest.js": {"path":"/Users/nils/develop/javascript/react-workshop/code/schritte/5-typescript/test/setup-jest.js","statementMap":{"0":{"start":{"line":2,"column":0},"end":{"line":2,"column":62}},"1":{"start":{"line":4,"column":0},"end":{"line":4,"column":42}},"2":{"start":{"line":6,"column":15},"end":{"line":6,"column":32}},"3":{"start":{"line":7,"column":14},"end":{"line":7,"column":48}},"4":{"start":{"line":8,"column":0},"end":{"line":8,"column":47}}},"fnMap":{},"branchMap":{},"s":{"0":3,"1":3,"2":3,"3":3,"4":3},"f":{},"b":{},"inputSourceMap":{"version":3,"file":"setup-jest.js","sourceRoot":"","sources":["setup-jest.js"],"names":[],"mappings":";;AAAA,oEAAoE;AACpE,MAAM,CAAC,KAAK,GAAG,OAAO,CAAC,iBAAiB,CAAC,CAAC;AAE1C,2FAA2F;AAC3F,iCAAmC;AACnC,iDAAmD;AAEnD,kBAAS,CAAC,EAAE,OAAO,EAAE,IAAI,OAAO,EAAE,EAAE,CAAC,CAAC","sourcesContent":["// https://github.com/jefflau/jest-fetch-mock#setup-and-installation\nglobal.fetch = require(\"jest-fetch-mock\");\n\n// setup enzyme: http://airbnb.io/enzyme/docs/installation/index.html#working-with-react-16\nimport { configure } from \"enzyme\";\nimport * as Adapter from \"enzyme-adapter-react-16\";\n\nconfigure({ adapter: new Adapter() });\n"]},"_coverageSchema":"332fd63041d2c1bcb487cc26dd0d5f7d97098a6c","hash":"60f87216a4e28f0b5ad836790a96113dab157c37"}
}
