TN:
SF:/Users/nils/develop/javascript/react-workshop/code/schritte/5-typescript/src/GreetingController.tsx
FN:2,(anonymous_0)
FN:4,(anonymous_1)
FN:5,(anonymous_2)
FN:6,(anonymous_3)
FN:8,__
FN:12,(anonymous_5)
FN:13,(anonymous_6)
FN:14,fulfilled
FN:15,rejected
FN:16,step
FN:16,(anonymous_10)
FN:20,(anonymous_11)
FN:21,(anonymous_12)
FN:22,(anonymous_13)
FN:23,verb
FN:23,(anonymous_15)
FN:24,step
FN:54,(anonymous_17)
FN:56,GreetingController
FN:64,(anonymous_19)
FN:67,(anonymous_20)
FN:67,(anonymous_21)
FN:69,(anonymous_22)
FN:72,(anonymous_23)
FN:73,(anonymous_24)
FN:75,(anonymous_25)
FN:100,(anonymous_26)
FN:101,(anonymous_27)
FN:103,(anonymous_28)
FNF:29
FNH:21
FNDA:1,(anonymous_0)
FNDA:0,(anonymous_1)
FNDA:0,(anonymous_2)
FNDA:1,(anonymous_3)
FNDA:1,__
FNDA:2,(anonymous_5)
FNDA:2,(anonymous_6)
FNDA:4,fulfilled
FNDA:0,rejected
FNDA:6,step
FNDA:4,(anonymous_10)
FNDA:2,(anonymous_11)
FNDA:4,(anonymous_12)
FNDA:0,(anonymous_13)
FNDA:6,verb
FNDA:6,(anonymous_15)
FNDA:6,step
FNDA:1,(anonymous_17)
FNDA:2,GreetingController
FNDA:5,(anonymous_19)
FNDA:1,(anonymous_20)
FNDA:0,(anonymous_21)
FNDA:2,(anonymous_22)
FNDA:2,(anonymous_23)
FNDA:2,(anonymous_24)
FNDA:8,(anonymous_25)
FNDA:0,(anonymous_26)
FNDA:0,(anonymous_27)
FNDA:0,(anonymous_28)
DA:2,1
DA:3,1
DA:4,0
DA:5,0
DA:6,1
DA:7,1
DA:8,1
DA:9,1
DA:12,1
DA:13,2
DA:14,4
DA:15,0
DA:16,6
DA:17,2
DA:20,1
DA:21,4
DA:22,2
DA:23,6
DA:25,6
DA:26,16
DA:27,16
DA:28,16
DA:29,16
DA:30,6
DA:31,4
DA:32,0
DA:33,0
DA:35,6
DA:36,4
DA:37,2
DA:38,2
DA:39,2
DA:40,2
DA:42,8
DA:43,16
DA:44,2
DA:47,1
DA:48,1
DA:49,1
DA:50,1
DA:51,1
DA:52,1
DA:53,1
DA:54,1
DA:55,1
DA:57,2
DA:58,2
DA:62,2
DA:64,1
DA:65,5
DA:66,5
DA:67,5
DA:69,1
DA:70,2
DA:72,1
DA:73,2
DA:75,2
DA:76,8
DA:78,2
DA:79,2
DA:81,2
DA:82,2
DA:84,2
DA:85,2
DA:87,2
DA:88,2
DA:90,0
DA:91,0
DA:92,0
DA:94,2
DA:95,2
DA:100,1
DA:101,0
DA:103,0
DA:104,0
DA:106,0
DA:107,0
DA:116,0
DA:117,0
DA:118,0
DA:120,0
DA:122,0
DA:123,0
DA:125,0
DA:126,0
DA:127,0
DA:129,0
DA:133,0
DA:137,0
DA:142,1
DA:144,1
LF:91
LH:66
BRDA:2,0,0,1
BRDA:2,0,1,1
BRDA:2,0,2,1
BRDA:3,1,0,1
BRDA:3,1,1,0
BRDA:3,1,2,0
BRDA:3,1,3,0
BRDA:5,2,0,0
BRDA:5,2,1,0
BRDA:9,3,0,0
BRDA:9,3,1,1
BRDA:12,4,0,1
BRDA:12,4,1,1
BRDA:12,4,2,1
BRDA:13,5,0,2
BRDA:13,5,1,2
BRDA:16,6,0,2
BRDA:16,6,1,4
BRDA:17,7,0,2
BRDA:17,7,1,2
BRDA:20,8,0,1
BRDA:20,8,1,1
BRDA:20,8,2,1
BRDA:21,9,0,0
BRDA:21,9,1,4
BRDA:22,10,0,2
BRDA:22,10,1,2
BRDA:25,11,0,0
BRDA:25,11,1,6
BRDA:27,12,0,0
BRDA:27,12,1,16
BRDA:27,13,0,16
BRDA:27,13,1,0
BRDA:27,13,2,0
BRDA:27,14,0,0
BRDA:27,14,1,0
BRDA:27,15,0,0
BRDA:27,15,1,0
BRDA:28,16,0,0
BRDA:28,16,1,16
BRDA:29,17,0,6
BRDA:29,17,1,6
BRDA:29,17,2,4
BRDA:29,17,3,0
BRDA:29,17,4,0
BRDA:29,17,5,6
BRDA:35,18,0,2
BRDA:35,18,1,4
BRDA:35,19,0,6
BRDA:35,19,1,4
BRDA:35,19,2,4
BRDA:35,20,0,6
BRDA:35,20,1,2
BRDA:36,21,0,2
BRDA:36,21,1,2
BRDA:36,22,0,4
BRDA:36,22,1,4
BRDA:36,22,2,2
BRDA:36,22,3,2
BRDA:37,23,0,0
BRDA:37,23,1,2
BRDA:37,24,0,2
BRDA:37,24,1,0
BRDA:38,25,0,0
BRDA:38,25,1,2
BRDA:38,26,0,2
BRDA:38,26,1,2
BRDA:39,27,0,0
BRDA:39,27,1,2
BRDA:44,28,0,0
BRDA:44,28,1,2
BRDA:44,29,0,2
BRDA:44,29,1,0
BRDA:57,30,0,2
BRDA:57,30,1,2
BRDA:67,31,0,4
BRDA:67,31,1,1
BRDA:76,32,0,2
BRDA:76,32,1,2
BRDA:76,32,2,2
BRDA:76,32,3,2
BRDA:76,32,4,0
BRDA:76,32,5,2
BRDA:104,33,0,0
BRDA:104,33,1,0
BRDA:104,33,2,0
BRDA:104,33,3,0
BRDA:104,33,4,0
BRDA:117,34,0,0
BRDA:117,34,1,0
BRF:90
BRH:58
end_of_record
TN:
SF:/Users/nils/develop/javascript/react-workshop/code/schritte/5-typescript/src/GreetingDetail.tsx
FN:2,(anonymous_0)
FN:4,(anonymous_1)
FN:5,(anonymous_2)
FN:6,(anonymous_3)
FN:8,__
FN:16,(anonymous_5)
FN:18,GreetingDetail
FN:27,(anonymous_7)
FN:32,(anonymous_8)
FN:32,(anonymous_9)
FN:33,(anonymous_10)
FN:34,(anonymous_11)
FN:35,(anonymous_12)
FN:37,(anonymous_13)
FN:43,(anonymous_14)
FN:51,(anonymous_15)
FNF:16
FNH:14
FNDA:2,(anonymous_0)
FNDA:0,(anonymous_1)
FNDA:0,(anonymous_2)
FNDA:2,(anonymous_3)
FNDA:2,__
FNDA:2,(anonymous_5)
FNDA:5,GreetingDetail
FNDA:14,(anonymous_7)
FNDA:2,(anonymous_8)
FNDA:5,(anonymous_9)
FNDA:3,(anonymous_10)
FNDA:1,(anonymous_11)
FNDA:1,(anonymous_12)
FNDA:1,(anonymous_13)
FNDA:1,(anonymous_14)
FNDA:8,(anonymous_15)
DA:2,2
DA:3,2
DA:4,0
DA:5,0
DA:6,2
DA:7,2
DA:8,2
DA:9,2
DA:12,2
DA:13,2
DA:16,2
DA:17,2
DA:19,5
DA:20,5
DA:21,5
DA:25,5
DA:27,2
DA:28,14
DA:29,14
DA:30,14
DA:31,14
DA:32,5
DA:33,3
DA:34,1
DA:35,1
DA:37,2
DA:38,1
DA:39,1
DA:40,0
DA:43,2
DA:44,1
DA:45,1
DA:46,1
DA:51,2
DA:52,8
DA:55,2
DA:57,2
LF:37
LH:34
BRDA:2,0,0,2
BRDA:2,0,1,2
BRDA:2,0,2,2
BRDA:3,1,0,2
BRDA:3,1,1,0
BRDA:3,1,2,0
BRDA:3,1,3,0
BRDA:5,2,0,0
BRDA:5,2,1,0
BRDA:9,3,0,0
BRDA:9,3,1,2
BRDA:19,4,0,5
BRDA:19,4,1,5
BRDA:20,5,0,5
BRDA:20,5,1,5
BRDA:30,6,0,14
BRDA:30,6,1,6
BRDA:39,7,0,0
BRDA:39,7,1,1
BRF:19
BRH:12
end_of_record
TN:
SF:/Users/nils/develop/javascript/react-workshop/code/schritte/5-typescript/src/GreetingMaster.tsx
FN:4,(anonymous_0)
FN:6,(anonymous_1)
FNF:2
FNH:2
FNDA:6,(anonymous_0)
FNDA:8,(anonymous_1)
DA:2,2
DA:3,2
DA:4,2
DA:5,6
DA:6,8
DA:9,6
DA:18,2
LF:7
LH:7
BRF:0
BRH:0
end_of_record
TN:
SF:/Users/nils/develop/javascript/react-workshop/code/schritte/5-typescript/test/setup-jest.js
FNF:0
FNH:0
DA:2,3
DA:4,3
DA:6,3
DA:7,3
DA:8,3
LF:5
LH:5
BRF:0
BRH:0
end_of_record
