<?xml version="1.0" encoding="UTF-8"?>
<coverage generated="1497733247013" clover="3.2.0">
  <project timestamp="1497733247013" name="All files">
    <metrics statements="115" coveredstatements="87" conditionals="50" coveredconditionals="29" methods="39" coveredmethods="27" elements="204" coveredelements="143" complexity="0" loc="115" ncloc="115" packages="2" files="4" classes="4">
      <package name="src">
        <metrics statements="113" coveredstatements="85" conditionals="50" coveredconditionals="29" methods="39" coveredmethods="27"/>
        <file name="GreetingController.tsx" path="/Users/nils/develop/javascript/react-workshop/code/schritte/4-test-typescript/src/GreetingController.tsx">
          <metrics statements="54" coveredstatements="35" conditionals="23" coveredconditionals="12" methods="19" coveredmethods="11"/>
          <line num="1" count="1" type="stmt"/>
          <line num="2" count="1" type="cond" truecount="3" falsecount="0"/>
          <line num="3" count="1" type="cond" truecount="1" falsecount="3"/>
          <line num="4" count="0" type="stmt"/>
          <line num="5" count="0" type="cond" truecount="0" falsecount="2"/>
          <line num="6" count="1" type="stmt"/>
          <line num="7" count="1" type="stmt"/>
          <line num="8" count="1" type="stmt"/>
          <line num="9" count="1" type="cond" truecount="1" falsecount="1"/>
          <line num="12" count="1" type="cond" truecount="3" falsecount="1"/>
          <line num="13" count="0" type="stmt"/>
          <line num="14" count="0" type="stmt"/>
          <line num="15" count="0" type="cond" truecount="0" falsecount="2"/>
          <line num="16" count="0" type="stmt"/>
          <line num="18" count="0" type="stmt"/>
          <line num="20" count="1" type="stmt"/>
          <line num="21" count="1" type="stmt"/>
          <line num="22" count="1" type="stmt"/>
          <line num="23" count="1" type="stmt"/>
          <line num="24" count="1" type="stmt"/>
          <line num="25" count="1" type="stmt"/>
          <line num="26" count="1" type="stmt"/>
          <line num="27" count="1" type="stmt"/>
          <line num="28" count="1" type="stmt"/>
          <line num="30" count="2" type="cond" truecount="2" falsecount="0"/>
          <line num="31" count="2" type="stmt"/>
          <line num="35" count="2" type="stmt"/>
          <line num="37" count="1" type="stmt"/>
          <line num="38" count="5" type="stmt"/>
          <line num="39" count="5" type="stmt"/>
          <line num="40" count="5" type="cond" truecount="2" falsecount="0"/>
          <line num="41" count="1" type="stmt"/>
          <line num="42" count="0" type="stmt"/>
          <line num="44" count="1" type="stmt"/>
          <line num="45" count="2" type="stmt"/>
          <line num="47" count="1" type="stmt"/>
          <line num="48" count="2" type="stmt"/>
          <line num="49" count="2" type="stmt"/>
          <line num="50" count="2" type="stmt"/>
          <line num="51" count="2" type="stmt"/>
          <line num="52" count="0" type="stmt"/>
          <line num="54" count="1" type="stmt"/>
          <line num="55" count="0" type="stmt"/>
          <line num="56" count="0" type="stmt"/>
          <line num="65" count="0" type="cond" truecount="0" falsecount="2"/>
          <line num="66" count="0" type="stmt"/>
          <line num="68" count="0" type="stmt"/>
          <line num="72" count="0" type="stmt"/>
          <line num="75" count="0" type="stmt"/>
          <line num="78" count="0" type="stmt"/>
          <line num="82" count="0" type="stmt"/>
          <line num="86" count="0" type="stmt"/>
          <line num="89" count="1" type="stmt"/>
          <line num="91" count="1" type="stmt"/>
        </file>
        <file name="GreetingDetail.tsx" path="/Users/nils/develop/javascript/react-workshop/code/schritte/4-test-typescript/src/GreetingDetail.tsx">
          <metrics statements="51" coveredstatements="42" conditionals="27" coveredconditionals="17" methods="18" coveredmethods="14"/>
          <line num="1" count="2" type="stmt"/>
          <line num="2" count="2" type="cond" truecount="3" falsecount="0"/>
          <line num="3" count="2" type="cond" truecount="1" falsecount="3"/>
          <line num="4" count="0" type="stmt"/>
          <line num="5" count="0" type="cond" truecount="0" falsecount="2"/>
          <line num="6" count="2" type="stmt"/>
          <line num="7" count="2" type="stmt"/>
          <line num="8" count="2" type="stmt"/>
          <line num="9" count="2" type="cond" truecount="1" falsecount="1"/>
          <line num="12" count="2" type="cond" truecount="3" falsecount="1"/>
          <line num="13" count="0" type="stmt"/>
          <line num="14" count="0" type="stmt"/>
          <line num="15" count="0" type="cond" truecount="0" falsecount="2"/>
          <line num="16" count="0" type="stmt"/>
          <line num="18" count="0" type="stmt"/>
          <line num="20" count="2" type="stmt"/>
          <line num="21" count="2" type="stmt"/>
          <line num="22" count="2" type="stmt"/>
          <line num="23" count="2" type="stmt"/>
          <line num="25" count="5" type="cond" truecount="2" falsecount="0"/>
          <line num="26" count="5" type="cond" truecount="2" falsecount="0"/>
          <line num="27" count="5" type="stmt"/>
          <line num="31" count="5" type="stmt"/>
          <line num="33" count="2" type="stmt"/>
          <line num="34" count="14" type="stmt"/>
          <line num="35" count="14" type="stmt"/>
          <line num="36" count="14" type="cond" truecount="2" falsecount="0"/>
          <line num="37" count="14" type="stmt"/>
          <line num="38" count="5" type="stmt"/>
          <line num="39" count="3" type="stmt"/>
          <line num="40" count="1" type="stmt"/>
          <line num="41" count="1" type="stmt"/>
          <line num="43" count="2" type="stmt"/>
          <line num="44" count="1" type="stmt"/>
          <line num="45" count="1" type="cond" truecount="1" falsecount="1"/>
          <line num="46" count="0" type="stmt"/>
          <line num="49" count="2" type="stmt"/>
          <line num="50" count="1" type="stmt"/>
          <line num="51" count="1" type="stmt"/>
          <line num="52" count="1" type="stmt"/>
          <line num="57" count="2" type="stmt"/>
          <line num="67" count="0" type="stmt"/>
          <line num="70" count="2" type="stmt"/>
          <line num="71" count="8" type="stmt"/>
          <line num="72" count="8" type="cond" truecount="2" falsecount="0"/>
          <line num="74" count="5" type="stmt"/>
          <line num="75" count="5" type="stmt"/>
          <line num="77" count="3" type="stmt"/>
          <line num="78" count="3" type="stmt"/>
          <line num="81" count="2" type="stmt"/>
          <line num="83" count="2" type="stmt"/>
        </file>
        <file name="GreetingMaster.tsx" path="/Users/nils/develop/javascript/react-workshop/code/schritte/4-test-typescript/src/GreetingMaster.tsx">
          <metrics statements="8" coveredstatements="8" conditionals="0" coveredconditionals="0" methods="2" coveredmethods="2"/>
          <line num="1" count="2" type="stmt"/>
          <line num="2" count="2" type="stmt"/>
          <line num="3" count="2" type="stmt"/>
          <line num="4" count="2" type="stmt"/>
          <line num="5" count="6" type="stmt"/>
          <line num="6" count="8" type="stmt"/>
          <line num="9" count="6" type="stmt"/>
          <line num="18" count="2" type="stmt"/>
        </file>
      </package>
      <package name="test">
        <metrics statements="2" coveredstatements="2" conditionals="0" coveredconditionals="0" methods="0" coveredmethods="0"/>
        <file name="setup-jest.js" path="/Users/nils/develop/javascript/react-workshop/code/schritte/4-test-typescript/test/setup-jest.js">
          <metrics statements="2" coveredstatements="2" conditionals="0" coveredconditionals="0" methods="0" coveredmethods="0"/>
          <line num="1" count="3" type="stmt"/>
          <line num="3" count="3" type="stmt"/>
        </file>
      </package>
    </metrics>
  </project>
</coverage>
