{"/Users/nils/develop/javascript/react-workshop/code/schritte/4-test-typescript/src/GreetingController.tsx": {"path":"/Users/nils/develop/javascript/react-workshop/code/schritte/4-test-typescript/src/GreetingController.tsx","statementMap":{"0":{"start":{"line":1,"column":13},"end":{"line":1,"column":42}},"1":{"start":{"line":1,"column":42},"end":{"line":1,"column":55}},"2":{"start":{"line":2,"column":16},"end":{"line":11,"column":4}},"3":{"start":{"line":3,"column":24},"end":{"line":5,"column":82}},"4":{"start":{"line":4,"column":65},"end":{"line":4,"column":81}},"5":{"start":{"line":5,"column":26},"end":{"line":5,"column":80}},"6":{"start":{"line":5,"column":43},"end":{"line":5,"column":80}},"7":{"start":{"line":5,"column":68},"end":{"line":5,"column":80}},"8":{"start":{"line":6,"column":4},"end":{"line":10,"column":6}},"9":{"start":{"line":7,"column":8},"end":{"line":7,"column":28}},"10":{"start":{"line":8,"column":24},"end":{"line":8,"column":45}},"11":{"start":{"line":9,"column":8},"end":{"line":9,"column":93}},"12":{"start":{"line":12,"column":15},"end":{"line":19,"column":1}},"13":{"start":{"line":13,"column":4},"end":{"line":17,"column":5}},"14":{"start":{"line":14,"column":8},"end":{"line":14,"column":25}},"15":{"start":{"line":15,"column":8},"end":{"line":16,"column":24}},"16":{"start":{"line":15,"column":25},"end":{"line":16,"column":24}},"17":{"start":{"line":16,"column":12},"end":{"line":16,"column":24}},"18":{"start":{"line":18,"column":4},"end":{"line":18,"column":13}},"19":{"start":{"line":20,"column":0},"end":{"line":20,"column":62}},"20":{"start":{"line":21,"column":12},"end":{"line":21,"column":28}},"21":{"start":{"line":22,"column":23},"end":{"line":22,"column":50}},"22":{"start":{"line":23,"column":23},"end":{"line":23,"column":50}},"23":{"start":{"line":24,"column":18},"end":{"line":24,"column":51}},"24":{"start":{"line":25,"column":18},"end":{"line":25,"column":31}},"25":{"start":{"line":26,"column":18},"end":{"line":26,"column":31}},"26":{"start":{"line":27,"column":26},"end":{"line":90,"column":18}},"27":{"start":{"line":28,"column":4},"end":{"line":28,"column":42}},"28":{"start":{"line":30,"column":20},"end":{"line":30,"column":52}},"29":{"start":{"line":31,"column":8},"end":{"line":34,"column":10}},"30":{"start":{"line":35,"column":8},"end":{"line":35,"column":21}},"31":{"start":{"line":37,"column":4},"end":{"line":43,"column":6}},"32":{"start":{"line":38,"column":20},"end":{"line":38,"column":24}},"33":{"start":{"line":39,"column":17},"end":{"line":39,"column":27}},"34":{"start":{"line":39,"column":36},"end":{"line":39,"column":43}},"35":{"start":{"line":39,"column":57},"end":{"line":39,"column":69}},"36":{"start":{"line":40,"column":8},"end":{"line":42,"column":134}},"37":{"start":{"line":41,"column":103},"end":{"line":41,"column":148}},"38":{"start":{"line":42,"column":90},"end":{"line":42,"column":126}},"39":{"start":{"line":44,"column":4},"end":{"line":46,"column":6}},"40":{"start":{"line":45,"column":8},"end":{"line":45,"column":29}},"41":{"start":{"line":47,"column":4},"end":{"line":53,"column":6}},"42":{"start":{"line":48,"column":20},"end":{"line":48,"column":24}},"43":{"start":{"line":49,"column":8},"end":{"line":52,"column":95}},"44":{"start":{"line":50,"column":40},"end":{"line":50,"column":63}},"45":{"start":{"line":51,"column":36},"end":{"line":51,"column":79}},"46":{"start":{"line":52,"column":36},"end":{"line":52,"column":91}},"47":{"start":{"line":54,"column":4},"end":{"line":88,"column":6}},"48":{"start":{"line":55,"column":20},"end":{"line":55,"column":24}},"49":{"start":{"line":56,"column":8},"end":{"line":87,"column":11}},"50":{"start":{"line":65,"column":12},"end":{"line":67,"column":13}},"51":{"start":{"line":66,"column":16},"end":{"line":66,"column":39}},"52":{"start":{"line":68,"column":12},"end":{"line":68,"column":71}},"53":{"start":{"line":72,"column":32},"end":{"line":72,"column":39}},"54":{"start":{"line":75,"column":30},"end":{"line":75,"column":84}},"55":{"start":{"line":78,"column":31},"end":{"line":78,"column":74}},"56":{"start":{"line":82,"column":12},"end":{"line":85,"column":15}},"57":{"start":{"line":86,"column":12},"end":{"line":86,"column":31}},"58":{"start":{"line":89,"column":4},"end":{"line":89,"column":30}},"59":{"start":{"line":91,"column":0},"end":{"line":91,"column":37}}},"fnMap":{"0":{"name":"(anonymous_0)","decl":{"start":{"line":2,"column":45},"end":{"line":2,"column":46}},"loc":{"start":{"line":2,"column":57},"end":{"line":11,"column":1}},"line":2},"1":{"name":"(anonymous_1)","decl":{"start":{"line":4,"column":47},"end":{"line":4,"column":48}},"loc":{"start":{"line":4,"column":63},"end":{"line":4,"column":83}},"line":4},"2":{"name":"(anonymous_2)","decl":{"start":{"line":5,"column":8},"end":{"line":5,"column":9}},"loc":{"start":{"line":5,"column":24},"end":{"line":5,"column":82}},"line":5},"3":{"name":"(anonymous_3)","decl":{"start":{"line":6,"column":11},"end":{"line":6,"column":12}},"loc":{"start":{"line":6,"column":27},"end":{"line":10,"column":5}},"line":6},"4":{"name":"__","decl":{"start":{"line":8,"column":17},"end":{"line":8,"column":19}},"loc":{"start":{"line":8,"column":22},"end":{"line":8,"column":47}},"line":8},"5":{"name":"(anonymous_5)","decl":{"start":{"line":12,"column":59},"end":{"line":12,"column":60}},"loc":{"start":{"line":12,"column":71},"end":{"line":19,"column":1}},"line":12},"6":{"name":"(anonymous_6)","decl":{"start":{"line":27,"column":26},"end":{"line":27,"column":27}},"loc":{"start":{"line":27,"column":44},"end":{"line":90,"column":1}},"line":27},"7":{"name":"GreetingController","decl":{"start":{"line":29,"column":13},"end":{"line":29,"column":31}},"loc":{"start":{"line":29,"column":39},"end":{"line":36,"column":5}},"line":29},"8":{"name":"(anonymous_8)","decl":{"start":{"line":37,"column":42},"end":{"line":37,"column":43}},"loc":{"start":{"line":37,"column":54},"end":{"line":43,"column":5}},"line":37},"9":{"name":"(anonymous_9)","decl":{"start":{"line":41,"column":89},"end":{"line":41,"column":90}},"loc":{"start":{"line":41,"column":101},"end":{"line":41,"column":150}},"line":41},"10":{"name":"(anonymous_10)","decl":{"start":{"line":42,"column":68},"end":{"line":42,"column":69}},"loc":{"start":{"line":42,"column":88},"end":{"line":42,"column":128}},"line":42},"11":{"name":"(anonymous_11)","decl":{"start":{"line":44,"column":53},"end":{"line":44,"column":54}},"loc":{"start":{"line":44,"column":65},"end":{"line":46,"column":5}},"line":44},"12":{"name":"(anonymous_12)","decl":{"start":{"line":47,"column":49},"end":{"line":47,"column":50}},"loc":{"start":{"line":47,"column":61},"end":{"line":53,"column":5}},"line":47},"13":{"name":"(anonymous_13)","decl":{"start":{"line":50,"column":18},"end":{"line":50,"column":19}},"loc":{"start":{"line":50,"column":38},"end":{"line":50,"column":65}},"line":50},"14":{"name":"(anonymous_14)","decl":{"start":{"line":51,"column":18},"end":{"line":51,"column":19}},"loc":{"start":{"line":51,"column":34},"end":{"line":51,"column":81}},"line":51},"15":{"name":"(anonymous_15)","decl":{"start":{"line":52,"column":19},"end":{"line":52,"column":20}},"loc":{"start":{"line":52,"column":34},"end":{"line":52,"column":93}},"line":52},"16":{"name":"(anonymous_16)","decl":{"start":{"line":54,"column":48},"end":{"line":54,"column":49}},"loc":{"start":{"line":54,"column":77},"end":{"line":88,"column":5}},"line":54},"17":{"name":"(anonymous_17)","decl":{"start":{"line":64,"column":17},"end":{"line":64,"column":18}},"loc":{"start":{"line":64,"column":37},"end":{"line":69,"column":9}},"line":64},"18":{"name":"(anonymous_18)","decl":{"start":{"line":70,"column":18},"end":{"line":70,"column":19}},"loc":{"start":{"line":70,"column":34},"end":{"line":87,"column":9}},"line":70}},"branchMap":{"0":{"loc":{"start":{"line":2,"column":16},"end":{"line":11,"column":4}},"type":"binary-expr","locations":[{"start":{"line":2,"column":17},"end":{"line":2,"column":21}},{"start":{"line":2,"column":25},"end":{"line":2,"column":39}},{"start":{"line":2,"column":44},"end":{"line":11,"column":4}}],"line":2},"1":{"loc":{"start":{"line":3,"column":24},"end":{"line":5,"column":82}},"type":"binary-expr","locations":[{"start":{"line":3,"column":24},"end":{"line":3,"column":45}},{"start":{"line":4,"column":9},"end":{"line":4,"column":43}},{"start":{"line":4,"column":47},"end":{"line":4,"column":83}},{"start":{"line":5,"column":8},"end":{"line":5,"column":82}}],"line":3},"2":{"loc":{"start":{"line":5,"column":43},"end":{"line":5,"column":80}},"type":"if","locations":[{"start":{"line":5,"column":43},"end":{"line":5,"column":80}},{"start":{"line":5,"column":43},"end":{"line":5,"column":80}}],"line":5},"3":{"loc":{"start":{"line":9,"column":22},"end":{"line":9,"column":92}},"type":"cond-expr","locations":[{"start":{"line":9,"column":35},"end":{"line":9,"column":51}},{"start":{"line":9,"column":55},"end":{"line":9,"column":91}}],"line":9},"4":{"loc":{"start":{"line":12,"column":15},"end":{"line":19,"column":1}},"type":"binary-expr","locations":[{"start":{"line":12,"column":16},"end":{"line":12,"column":20}},{"start":{"line":12,"column":24},"end":{"line":12,"column":37}},{"start":{"line":12,"column":42},"end":{"line":12,"column":55}},{"start":{"line":12,"column":59},"end":{"line":19,"column":1}}],"line":12},"5":{"loc":{"start":{"line":15,"column":25},"end":{"line":16,"column":24}},"type":"if","locations":[{"start":{"line":15,"column":25},"end":{"line":16,"column":24}},{"start":{"line":15,"column":25},"end":{"line":16,"column":24}}],"line":15},"6":{"loc":{"start":{"line":30,"column":20},"end":{"line":30,"column":52}},"type":"binary-expr","locations":[{"start":{"line":30,"column":20},"end":{"line":30,"column":44}},{"start":{"line":30,"column":48},"end":{"line":30,"column":52}}],"line":30},"7":{"loc":{"start":{"line":40,"column":49},"end":{"line":42,"column":131}},"type":"cond-expr","locations":[{"start":{"line":41,"column":12},"end":{"line":41,"column":153}},{"start":{"line":42,"column":12},"end":{"line":42,"column":131}}],"line":40},"8":{"loc":{"start":{"line":65,"column":12},"end":{"line":67,"column":13}},"type":"if","locations":[{"start":{"line":65,"column":12},"end":{"line":67,"column":13}},{"start":{"line":65,"column":12},"end":{"line":67,"column":13}}],"line":65}},"s":{"0":1,"1":1,"2":1,"3":1,"4":0,"5":0,"6":0,"7":0,"8":1,"9":1,"10":1,"11":1,"12":1,"13":0,"14":0,"15":0,"16":0,"17":0,"18":0,"19":1,"20":1,"21":1,"22":1,"23":1,"24":1,"25":1,"26":1,"27":1,"28":2,"29":2,"30":2,"31":1,"32":5,"33":5,"34":5,"35":5,"36":5,"37":1,"38":0,"39":1,"40":2,"41":1,"42":2,"43":2,"44":2,"45":2,"46":0,"47":1,"48":0,"49":0,"50":0,"51":0,"52":0,"53":0,"54":0,"55":0,"56":0,"57":0,"58":1,"59":1},"f":{"0":1,"1":0,"2":0,"3":1,"4":1,"5":0,"6":1,"7":2,"8":5,"9":1,"10":0,"11":2,"12":2,"13":2,"14":2,"15":0,"16":0,"17":0,"18":0},"b":{"0":[1,1,1],"1":[1,0,0,0],"2":[0,0],"3":[0,1],"4":[1,1,1,0],"5":[0,0],"6":[2,2],"7":[4,1],"8":[0,0]},"_coverageSchema":"332fd63041d2c1bcb487cc26dd0d5f7d97098a6c","hash":"78e867007a6aef4873abcd12b05ae0dba6abd4b9"}
,"/Users/nils/develop/javascript/react-workshop/code/schritte/4-test-typescript/src/GreetingDetail.tsx": {"path":"/Users/nils/develop/javascript/react-workshop/code/schritte/4-test-typescript/src/GreetingDetail.tsx","statementMap":{"0":{"start":{"line":1,"column":13},"end":{"line":1,"column":42}},"1":{"start":{"line":1,"column":42},"end":{"line":1,"column":55}},"2":{"start":{"line":2,"column":16},"end":{"line":11,"column":4}},"3":{"start":{"line":3,"column":24},"end":{"line":5,"column":82}},"4":{"start":{"line":4,"column":65},"end":{"line":4,"column":81}},"5":{"start":{"line":5,"column":26},"end":{"line":5,"column":80}},"6":{"start":{"line":5,"column":43},"end":{"line":5,"column":80}},"7":{"start":{"line":5,"column":68},"end":{"line":5,"column":80}},"8":{"start":{"line":6,"column":4},"end":{"line":10,"column":6}},"9":{"start":{"line":7,"column":8},"end":{"line":7,"column":28}},"10":{"start":{"line":8,"column":24},"end":{"line":8,"column":45}},"11":{"start":{"line":9,"column":8},"end":{"line":9,"column":93}},"12":{"start":{"line":12,"column":15},"end":{"line":19,"column":1}},"13":{"start":{"line":13,"column":4},"end":{"line":17,"column":5}},"14":{"start":{"line":14,"column":8},"end":{"line":14,"column":25}},"15":{"start":{"line":15,"column":8},"end":{"line":16,"column":24}},"16":{"start":{"line":15,"column":25},"end":{"line":16,"column":24}},"17":{"start":{"line":16,"column":12},"end":{"line":16,"column":24}},"18":{"start":{"line":18,"column":4},"end":{"line":18,"column":13}},"19":{"start":{"line":20,"column":0},"end":{"line":20,"column":62}},"20":{"start":{"line":21,"column":12},"end":{"line":21,"column":28}},"21":{"start":{"line":22,"column":22},"end":{"line":82,"column":18}},"22":{"start":{"line":23,"column":4},"end":{"line":23,"column":38}},"23":{"start":{"line":25,"column":20},"end":{"line":25,"column":52}},"24":{"start":{"line":26,"column":17},"end":{"line":26,"column":67}},"25":{"start":{"line":26,"column":76},"end":{"line":26,"column":83}},"26":{"start":{"line":26,"column":96},"end":{"line":26,"column":107}},"27":{"start":{"line":27,"column":8},"end":{"line":30,"column":10}},"28":{"start":{"line":31,"column":8},"end":{"line":31,"column":21}},"29":{"start":{"line":33,"column":4},"end":{"line":42,"column":6}},"30":{"start":{"line":34,"column":20},"end":{"line":34,"column":24}},"31":{"start":{"line":35,"column":17},"end":{"line":35,"column":27}},"32":{"start":{"line":35,"column":36},"end":{"line":35,"column":43}},"33":{"start":{"line":35,"column":56},"end":{"line":35,"column":67}},"34":{"start":{"line":36,"column":27},"end":{"line":36,"column":46}},"35":{"start":{"line":37,"column":8},"end":{"line":41,"column":127}},"36":{"start":{"line":38,"column":67},"end":{"line":38,"column":94}},"37":{"start":{"line":38,"column":127},"end":{"line":38,"column":159}},"38":{"start":{"line":39,"column":72},"end":{"line":39,"column":104}},"39":{"start":{"line":40,"column":67},"end":{"line":40,"column":88}},"40":{"start":{"line":41,"column":91},"end":{"line":41,"column":111}},"41":{"start":{"line":43,"column":4},"end":{"line":48,"column":6}},"42":{"start":{"line":44,"column":8},"end":{"line":44,"column":50}},"43":{"start":{"line":45,"column":8},"end":{"line":47,"column":9}},"44":{"start":{"line":46,"column":12},"end":{"line":46,"column":31}},"45":{"start":{"line":49,"column":4},"end":{"line":56,"column":6}},"46":{"start":{"line":50,"column":21},"end":{"line":50,"column":38}},"47":{"start":{"line":51,"column":17},"end":{"line":51,"column":27}},"48":{"start":{"line":51,"column":36},"end":{"line":51,"column":43}},"49":{"start":{"line":51,"column":56},"end":{"line":51,"column":67}},"50":{"start":{"line":52,"column":8},"end":{"line":55,"column":11}},"51":{"start":{"line":57,"column":4},"end":{"line":69,"column":6}},"52":{"start":{"line":67,"column":8},"end":{"line":67,"column":121}},"53":{"start":{"line":70,"column":4},"end":{"line":80,"column":6}},"54":{"start":{"line":71,"column":19},"end":{"line":71,"column":43}},"55":{"start":{"line":72,"column":8},"end":{"line":79,"column":9}},"56":{"start":{"line":74,"column":16},"end":{"line":74,"column":67}},"57":{"start":{"line":75,"column":16},"end":{"line":75,"column":22}},"58":{"start":{"line":77,"column":16},"end":{"line":77,"column":71}},"59":{"start":{"line":78,"column":16},"end":{"line":78,"column":22}},"60":{"start":{"line":81,"column":4},"end":{"line":81,"column":26}},"61":{"start":{"line":83,"column":0},"end":{"line":83,"column":33}}},"fnMap":{"0":{"name":"(anonymous_0)","decl":{"start":{"line":2,"column":45},"end":{"line":2,"column":46}},"loc":{"start":{"line":2,"column":57},"end":{"line":11,"column":1}},"line":2},"1":{"name":"(anonymous_1)","decl":{"start":{"line":4,"column":47},"end":{"line":4,"column":48}},"loc":{"start":{"line":4,"column":63},"end":{"line":4,"column":83}},"line":4},"2":{"name":"(anonymous_2)","decl":{"start":{"line":5,"column":8},"end":{"line":5,"column":9}},"loc":{"start":{"line":5,"column":24},"end":{"line":5,"column":82}},"line":5},"3":{"name":"(anonymous_3)","decl":{"start":{"line":6,"column":11},"end":{"line":6,"column":12}},"loc":{"start":{"line":6,"column":27},"end":{"line":10,"column":5}},"line":6},"4":{"name":"__","decl":{"start":{"line":8,"column":17},"end":{"line":8,"column":19}},"loc":{"start":{"line":8,"column":22},"end":{"line":8,"column":47}},"line":8},"5":{"name":"(anonymous_5)","decl":{"start":{"line":12,"column":59},"end":{"line":12,"column":60}},"loc":{"start":{"line":12,"column":71},"end":{"line":19,"column":1}},"line":12},"6":{"name":"(anonymous_6)","decl":{"start":{"line":22,"column":22},"end":{"line":22,"column":23}},"loc":{"start":{"line":22,"column":40},"end":{"line":82,"column":1}},"line":22},"7":{"name":"GreetingDetail","decl":{"start":{"line":24,"column":13},"end":{"line":24,"column":27}},"loc":{"start":{"line":24,"column":35},"end":{"line":32,"column":5}},"line":24},"8":{"name":"(anonymous_8)","decl":{"start":{"line":33,"column":38},"end":{"line":33,"column":39}},"loc":{"start":{"line":33,"column":50},"end":{"line":42,"column":5}},"line":33},"9":{"name":"(anonymous_9)","decl":{"start":{"line":38,"column":48},"end":{"line":38,"column":49}},"loc":{"start":{"line":38,"column":65},"end":{"line":38,"column":96}},"line":38},"10":{"name":"(anonymous_10)","decl":{"start":{"line":38,"column":108},"end":{"line":38,"column":109}},"loc":{"start":{"line":38,"column":125},"end":{"line":38,"column":161}},"line":38},"11":{"name":"(anonymous_11)","decl":{"start":{"line":39,"column":53},"end":{"line":39,"column":54}},"loc":{"start":{"line":39,"column":70},"end":{"line":39,"column":106}},"line":39},"12":{"name":"(anonymous_12)","decl":{"start":{"line":40,"column":53},"end":{"line":40,"column":54}},"loc":{"start":{"line":40,"column":65},"end":{"line":40,"column":90}},"line":40},"13":{"name":"(anonymous_13)","decl":{"start":{"line":41,"column":77},"end":{"line":41,"column":78}},"loc":{"start":{"line":41,"column":89},"end":{"line":41,"column":113}},"line":41},"14":{"name":"(anonymous_14)","decl":{"start":{"line":43,"column":37},"end":{"line":43,"column":38}},"loc":{"start":{"line":43,"column":49},"end":{"line":48,"column":5}},"line":43},"15":{"name":"(anonymous_15)","decl":{"start":{"line":49,"column":36},"end":{"line":49,"column":37}},"loc":{"start":{"line":49,"column":48},"end":{"line":56,"column":5}},"line":49},"16":{"name":"(anonymous_16)","decl":{"start":{"line":57,"column":60},"end":{"line":57,"column":61}},"loc":{"start":{"line":57,"column":77},"end":{"line":69,"column":5}},"line":57},"17":{"name":"(anonymous_17)","decl":{"start":{"line":70,"column":43},"end":{"line":70,"column":44}},"loc":{"start":{"line":70,"column":60},"end":{"line":80,"column":5}},"line":70}},"branchMap":{"0":{"loc":{"start":{"line":2,"column":16},"end":{"line":11,"column":4}},"type":"binary-expr","locations":[{"start":{"line":2,"column":17},"end":{"line":2,"column":21}},{"start":{"line":2,"column":25},"end":{"line":2,"column":39}},{"start":{"line":2,"column":44},"end":{"line":11,"column":4}}],"line":2},"1":{"loc":{"start":{"line":3,"column":24},"end":{"line":5,"column":82}},"type":"binary-expr","locations":[{"start":{"line":3,"column":24},"end":{"line":3,"column":45}},{"start":{"line":4,"column":9},"end":{"line":4,"column":43}},{"start":{"line":4,"column":47},"end":{"line":4,"column":83}},{"start":{"line":5,"column":8},"end":{"line":5,"column":82}}],"line":3},"2":{"loc":{"start":{"line":5,"column":43},"end":{"line":5,"column":80}},"type":"if","locations":[{"start":{"line":5,"column":43},"end":{"line":5,"column":80}},{"start":{"line":5,"column":43},"end":{"line":5,"column":80}}],"line":5},"3":{"loc":{"start":{"line":9,"column":22},"end":{"line":9,"column":92}},"type":"cond-expr","locations":[{"start":{"line":9,"column":35},"end":{"line":9,"column":51}},{"start":{"line":9,"column":55},"end":{"line":9,"column":91}}],"line":9},"4":{"loc":{"start":{"line":12,"column":15},"end":{"line":19,"column":1}},"type":"binary-expr","locations":[{"start":{"line":12,"column":16},"end":{"line":12,"column":20}},{"start":{"line":12,"column":24},"end":{"line":12,"column":37}},{"start":{"line":12,"column":42},"end":{"line":12,"column":55}},{"start":{"line":12,"column":59},"end":{"line":19,"column":1}}],"line":12},"5":{"loc":{"start":{"line":15,"column":25},"end":{"line":16,"column":24}},"type":"if","locations":[{"start":{"line":15,"column":25},"end":{"line":16,"column":24}},{"start":{"line":15,"column":25},"end":{"line":16,"column":24}}],"line":15},"6":{"loc":{"start":{"line":25,"column":20},"end":{"line":25,"column":52}},"type":"binary-expr","locations":[{"start":{"line":25,"column":20},"end":{"line":25,"column":44}},{"start":{"line":25,"column":48},"end":{"line":25,"column":52}}],"line":25},"7":{"loc":{"start":{"line":26,"column":17},"end":{"line":26,"column":67}},"type":"binary-expr","locations":[{"start":{"line":26,"column":17},"end":{"line":26,"column":37}},{"start":{"line":26,"column":41},"end":{"line":26,"column":67}}],"line":26},"8":{"loc":{"start":{"line":36,"column":29},"end":{"line":36,"column":45}},"type":"binary-expr","locations":[{"start":{"line":36,"column":29},"end":{"line":36,"column":33}},{"start":{"line":36,"column":37},"end":{"line":36,"column":45}}],"line":36},"9":{"loc":{"start":{"line":45,"column":8},"end":{"line":47,"column":9}},"type":"if","locations":[{"start":{"line":45,"column":8},"end":{"line":47,"column":9}},{"start":{"line":45,"column":8},"end":{"line":47,"column":9}}],"line":45},"10":{"loc":{"start":{"line":72,"column":8},"end":{"line":79,"column":9}},"type":"switch","locations":[{"start":{"line":73,"column":12},"end":{"line":75,"column":22}},{"start":{"line":76,"column":12},"end":{"line":78,"column":22}}],"line":72}},"s":{"0":2,"1":2,"2":2,"3":2,"4":0,"5":0,"6":0,"7":0,"8":2,"9":2,"10":2,"11":2,"12":2,"13":0,"14":0,"15":0,"16":0,"17":0,"18":0,"19":2,"20":2,"21":2,"22":2,"23":5,"24":5,"25":5,"26":5,"27":5,"28":5,"29":2,"30":14,"31":14,"32":14,"33":14,"34":14,"35":14,"36":2,"37":5,"38":3,"39":1,"40":1,"41":2,"42":1,"43":1,"44":0,"45":2,"46":1,"47":1,"48":1,"49":1,"50":1,"51":2,"52":0,"53":2,"54":8,"55":8,"56":5,"57":5,"58":3,"59":3,"60":2,"61":2},"f":{"0":2,"1":0,"2":0,"3":2,"4":2,"5":0,"6":2,"7":5,"8":14,"9":2,"10":5,"11":3,"12":1,"13":1,"14":1,"15":1,"16":0,"17":8},"b":{"0":[2,2,2],"1":[2,0,0,0],"2":[0,0],"3":[0,2],"4":[2,2,2,0],"5":[0,0],"6":[5,5],"7":[5,5],"8":[14,6],"9":[0,1],"10":[5,3]},"_coverageSchema":"332fd63041d2c1bcb487cc26dd0d5f7d97098a6c","hash":"2e78aead7ada0ce92bb270a660cbc93ce5ae13a5"}
,"/Users/nils/develop/javascript/react-workshop/code/schritte/4-test-typescript/src/GreetingMaster.tsx": {"path":"/Users/nils/develop/javascript/react-workshop/code/schritte/4-test-typescript/src/GreetingMaster.tsx","statementMap":{"0":{"start":{"line":1,"column":13},"end":{"line":1,"column":42}},"1":{"start":{"line":1,"column":42},"end":{"line":1,"column":55}},"2":{"start":{"line":2,"column":0},"end":{"line":2,"column":62}},"3":{"start":{"line":3,"column":12},"end":{"line":3,"column":28}},"4":{"start":{"line":4,"column":21},"end":{"line":17,"column":1}},"5":{"start":{"line":5,"column":20},"end":{"line":5,"column":35}},"6":{"start":{"line":5,"column":45},"end":{"line":5,"column":56}},"7":{"start":{"line":6,"column":15},"end":{"line":8,"column":63}},"8":{"start":{"line":6,"column":51},"end":{"line":8,"column":60}},"9":{"start":{"line":9,"column":4},"end":{"line":16,"column":67}},"10":{"start":{"line":18,"column":0},"end":{"line":18,"column":33}}},"fnMap":{"0":{"name":"(anonymous_0)","decl":{"start":{"line":4,"column":21},"end":{"line":4,"column":22}},"loc":{"start":{"line":4,"column":38},"end":{"line":17,"column":1}},"line":4},"1":{"name":"(anonymous_1)","decl":{"start":{"line":6,"column":29},"end":{"line":6,"column":30}},"loc":{"start":{"line":6,"column":49},"end":{"line":8,"column":62}},"line":6}},"branchMap":{},"s":{"0":2,"1":2,"2":2,"3":2,"4":2,"5":6,"6":6,"7":6,"8":8,"9":6,"10":2},"f":{"0":6,"1":8},"b":{},"_coverageSchema":"332fd63041d2c1bcb487cc26dd0d5f7d97098a6c","hash":"083d51ff7a6450b6e048f265923a5fd90d452e33"}
,"/Users/nils/develop/javascript/react-workshop/code/schritte/4-test-typescript/test/setup-jest.js": {"path":"/Users/nils/develop/javascript/react-workshop/code/schritte/4-test-typescript/test/setup-jest.js","statementMap":{"0":{"start":{"line":1,"column":13},"end":{"line":1,"column":42}},"1":{"start":{"line":1,"column":42},"end":{"line":1,"column":55}},"2":{"start":{"line":3,"column":0},"end":{"line":3,"column":42}}},"fnMap":{},"branchMap":{},"s":{"0":3,"1":3,"2":3},"f":{},"b":{},"_coverageSchema":"332fd63041d2c1bcb487cc26dd0d5f7d97098a6c","hash":"b3655f8b509b2a8eacdc34a289a496f3c8bd42d7"}
}
