TN:
SF:/Users/nils/develop/javascript/react-workshop/code/schritte/4-test-typescript/src/GreetingController.tsx
FN:2,(anonymous_0)
FN:4,(anonymous_1)
FN:5,(anonymous_2)
FN:6,(anonymous_3)
FN:8,__
FN:12,(anonymous_5)
FN:27,(anonymous_6)
FN:29,GreetingController
FN:37,(anonymous_8)
FN:41,(anonymous_9)
FN:42,(anonymous_10)
FN:44,(anonymous_11)
FN:47,(anonymous_12)
FN:50,(anonymous_13)
FN:51,(anonymous_14)
FN:52,(anonymous_15)
FN:54,(anonymous_16)
FN:64,(anonymous_17)
FN:70,(anonymous_18)
FNF:19
FNH:11
FNDA:1,(anonymous_0)
FNDA:0,(anonymous_1)
FNDA:0,(anonymous_2)
FNDA:1,(anonymous_3)
FNDA:1,__
FNDA:0,(anonymous_5)
FNDA:1,(anonymous_6)
FNDA:2,GreetingController
FNDA:5,(anonymous_8)
FNDA:1,(anonymous_9)
FNDA:0,(anonymous_10)
FNDA:2,(anonymous_11)
FNDA:2,(anonymous_12)
FNDA:2,(anonymous_13)
FNDA:2,(anonymous_14)
FNDA:0,(anonymous_15)
FNDA:0,(anonymous_16)
FNDA:0,(anonymous_17)
FNDA:0,(anonymous_18)
DA:1,1
DA:2,1
DA:3,1
DA:4,0
DA:5,0
DA:6,1
DA:7,1
DA:8,1
DA:9,1
DA:12,1
DA:13,0
DA:14,0
DA:15,0
DA:16,0
DA:18,0
DA:20,1
DA:21,1
DA:22,1
DA:23,1
DA:24,1
DA:25,1
DA:26,1
DA:27,1
DA:28,1
DA:30,2
DA:31,2
DA:35,2
DA:37,1
DA:38,5
DA:39,5
DA:40,5
DA:41,1
DA:42,0
DA:44,1
DA:45,2
DA:47,1
DA:48,2
DA:49,2
DA:50,2
DA:51,2
DA:52,0
DA:54,1
DA:55,0
DA:56,0
DA:65,0
DA:66,0
DA:68,0
DA:72,0
DA:75,0
DA:78,0
DA:82,0
DA:86,0
DA:89,1
DA:91,1
LF:54
LH:35
BRDA:2,0,0,1
BRDA:2,0,1,1
BRDA:2,0,2,1
BRDA:3,1,0,1
BRDA:3,1,1,0
BRDA:3,1,2,0
BRDA:3,1,3,0
BRDA:5,2,0,0
BRDA:5,2,1,0
BRDA:9,3,0,0
BRDA:9,3,1,1
BRDA:12,4,0,1
BRDA:12,4,1,1
BRDA:12,4,2,1
BRDA:12,4,3,0
BRDA:15,5,0,0
BRDA:15,5,1,0
BRDA:30,6,0,2
BRDA:30,6,1,2
BRDA:40,7,0,4
BRDA:40,7,1,1
BRDA:65,8,0,0
BRDA:65,8,1,0
BRF:23
BRH:12
end_of_record
TN:
SF:/Users/nils/develop/javascript/react-workshop/code/schritte/4-test-typescript/src/GreetingDetail.tsx
FN:2,(anonymous_0)
FN:4,(anonymous_1)
FN:5,(anonymous_2)
FN:6,(anonymous_3)
FN:8,__
FN:12,(anonymous_5)
FN:22,(anonymous_6)
FN:24,GreetingDetail
FN:33,(anonymous_8)
FN:38,(anonymous_9)
FN:38,(anonymous_10)
FN:39,(anonymous_11)
FN:40,(anonymous_12)
FN:41,(anonymous_13)
FN:43,(anonymous_14)
FN:49,(anonymous_15)
FN:57,(anonymous_16)
FN:70,(anonymous_17)
FNF:18
FNH:14
FNDA:2,(anonymous_0)
FNDA:0,(anonymous_1)
FNDA:0,(anonymous_2)
FNDA:2,(anonymous_3)
FNDA:2,__
FNDA:0,(anonymous_5)
FNDA:2,(anonymous_6)
FNDA:5,GreetingDetail
FNDA:14,(anonymous_8)
FNDA:2,(anonymous_9)
FNDA:5,(anonymous_10)
FNDA:3,(anonymous_11)
FNDA:1,(anonymous_12)
FNDA:1,(anonymous_13)
FNDA:1,(anonymous_14)
FNDA:1,(anonymous_15)
FNDA:0,(anonymous_16)
FNDA:8,(anonymous_17)
DA:1,2
DA:2,2
DA:3,2
DA:4,0
DA:5,0
DA:6,2
DA:7,2
DA:8,2
DA:9,2
DA:12,2
DA:13,0
DA:14,0
DA:15,0
DA:16,0
DA:18,0
DA:20,2
DA:21,2
DA:22,2
DA:23,2
DA:25,5
DA:26,5
DA:27,5
DA:31,5
DA:33,2
DA:34,14
DA:35,14
DA:36,14
DA:37,14
DA:38,5
DA:39,3
DA:40,1
DA:41,1
DA:43,2
DA:44,1
DA:45,1
DA:46,0
DA:49,2
DA:50,1
DA:51,1
DA:52,1
DA:57,2
DA:67,0
DA:70,2
DA:71,8
DA:72,8
DA:74,5
DA:75,5
DA:77,3
DA:78,3
DA:81,2
DA:83,2
LF:51
LH:42
BRDA:2,0,0,2
BRDA:2,0,1,2
BRDA:2,0,2,2
BRDA:3,1,0,2
BRDA:3,1,1,0
BRDA:3,1,2,0
BRDA:3,1,3,0
BRDA:5,2,0,0
BRDA:5,2,1,0
BRDA:9,3,0,0
BRDA:9,3,1,2
BRDA:12,4,0,2
BRDA:12,4,1,2
BRDA:12,4,2,2
BRDA:12,4,3,0
BRDA:15,5,0,0
BRDA:15,5,1,0
BRDA:25,6,0,5
BRDA:25,6,1,5
BRDA:26,7,0,5
BRDA:26,7,1,5
BRDA:36,8,0,14
BRDA:36,8,1,6
BRDA:45,9,0,0
BRDA:45,9,1,1
BRDA:72,10,0,5
BRDA:72,10,1,3
BRF:27
BRH:17
end_of_record
TN:
SF:/Users/nils/develop/javascript/react-workshop/code/schritte/4-test-typescript/src/GreetingMaster.tsx
FN:4,(anonymous_0)
FN:6,(anonymous_1)
FNF:2
FNH:2
FNDA:6,(anonymous_0)
FNDA:8,(anonymous_1)
DA:1,2
DA:2,2
DA:3,2
DA:4,2
DA:5,6
DA:6,8
DA:9,6
DA:18,2
LF:8
LH:8
BRF:0
BRH:0
end_of_record
TN:
SF:/Users/nils/develop/javascript/react-workshop/code/schritte/4-test-typescript/test/setup-jest.js
FNF:0
FNH:0
DA:1,3
DA:3,3
LF:2
LH:2
BRF:0
BRH:0
end_of_record
